ARM GAS  C:\Users\walker\AppData\Local\Temp\ccvF4x7b.s 			page 1


   1              		.cpu cortex-m4
   2              		.arch armv7e-m
   3              		.fpu fpv4-sp-d16
   4              		.eabi_attribute 27, 1
   5              		.eabi_attribute 28, 1
   6              		.eabi_attribute 20, 1
   7              		.eabi_attribute 21, 1
   8              		.eabi_attribute 23, 3
   9              		.eabi_attribute 24, 1
  10              		.eabi_attribute 25, 1
  11              		.eabi_attribute 26, 1
  12              		.eabi_attribute 30, 1
  13              		.eabi_attribute 34, 1
  14              		.eabi_attribute 18, 4
  15              		.file	"CO_LEDs.c"
  16              		.text
  17              	.Ltext0:
  18              		.cfi_sections	.debug_frame
  19              		.section	.text.CO_LEDs_init,"ax",%progbits
  20              		.align	1
  21              		.global	CO_LEDs_init
  22              		.syntax unified
  23              		.thumb
  24              		.thumb_func
  26              	CO_LEDs_init:
  27              	.LVL0:
  28              	.LFB160:
  29              		.file 1 "Middlewares/Third_Party/CANopenNode/303/CO_LEDs.c"
   1:Middlewares/Third_Party/CANopenNode/303/CO_LEDs.c **** /*
   2:Middlewares/Third_Party/CANopenNode/303/CO_LEDs.c ****  * CANopen Indicator specification (CiA 303-3 v1.4.0)
   3:Middlewares/Third_Party/CANopenNode/303/CO_LEDs.c ****  *
   4:Middlewares/Third_Party/CANopenNode/303/CO_LEDs.c ****  * @file        CO_LEDs.h
   5:Middlewares/Third_Party/CANopenNode/303/CO_LEDs.c ****  * @ingroup     CO_LEDs
   6:Middlewares/Third_Party/CANopenNode/303/CO_LEDs.c ****  * @author      Janez Paternoster
   7:Middlewares/Third_Party/CANopenNode/303/CO_LEDs.c ****  * @copyright   2020 Janez Paternoster
   8:Middlewares/Third_Party/CANopenNode/303/CO_LEDs.c ****  *
   9:Middlewares/Third_Party/CANopenNode/303/CO_LEDs.c ****  * This file is part of CANopenNode, an opensource CANopen Stack.
  10:Middlewares/Third_Party/CANopenNode/303/CO_LEDs.c ****  * Project home page is <https://github.com/CANopenNode/CANopenNode>.
  11:Middlewares/Third_Party/CANopenNode/303/CO_LEDs.c ****  * For more information on CANopen see <http://www.can-cia.org/>.
  12:Middlewares/Third_Party/CANopenNode/303/CO_LEDs.c ****  *
  13:Middlewares/Third_Party/CANopenNode/303/CO_LEDs.c ****  * Licensed under the Apache License, Version 2.0 (the "License");
  14:Middlewares/Third_Party/CANopenNode/303/CO_LEDs.c ****  * you may not use this file except in compliance with the License.
  15:Middlewares/Third_Party/CANopenNode/303/CO_LEDs.c ****  * You may obtain a copy of the License at
  16:Middlewares/Third_Party/CANopenNode/303/CO_LEDs.c ****  *
  17:Middlewares/Third_Party/CANopenNode/303/CO_LEDs.c ****  *     http://www.apache.org/licenses/LICENSE-2.0
  18:Middlewares/Third_Party/CANopenNode/303/CO_LEDs.c ****  *
  19:Middlewares/Third_Party/CANopenNode/303/CO_LEDs.c ****  * Unless required by applicable law or agreed to in writing, software
  20:Middlewares/Third_Party/CANopenNode/303/CO_LEDs.c ****  * distributed under the License is distributed on an "AS IS" BASIS,
  21:Middlewares/Third_Party/CANopenNode/303/CO_LEDs.c ****  * WITHOUT WARRANTIES OR CONDITIONS OF ANY KIND, either express or implied.
  22:Middlewares/Third_Party/CANopenNode/303/CO_LEDs.c ****  * See the License for the specific language governing permissions and
  23:Middlewares/Third_Party/CANopenNode/303/CO_LEDs.c ****  * limitations under the License.
  24:Middlewares/Third_Party/CANopenNode/303/CO_LEDs.c ****  */
  25:Middlewares/Third_Party/CANopenNode/303/CO_LEDs.c **** 
  26:Middlewares/Third_Party/CANopenNode/303/CO_LEDs.c **** #include "303/CO_LEDs.h"
  27:Middlewares/Third_Party/CANopenNode/303/CO_LEDs.c **** 
  28:Middlewares/Third_Party/CANopenNode/303/CO_LEDs.c **** #if (CO_CONFIG_LEDS) & CO_CONFIG_LEDS_ENABLE
  29:Middlewares/Third_Party/CANopenNode/303/CO_LEDs.c **** 
ARM GAS  C:\Users\walker\AppData\Local\Temp\ccvF4x7b.s 			page 2


  30:Middlewares/Third_Party/CANopenNode/303/CO_LEDs.c **** /******************************************************************************/
  31:Middlewares/Third_Party/CANopenNode/303/CO_LEDs.c **** CO_ReturnError_t CO_LEDs_init(CO_LEDs_t *LEDs) {
  30              		.loc 1 31 48 view -0
  31              		.cfi_startproc
  32              		@ args = 0, pretend = 0, frame = 0
  33              		@ frame_needed = 0, uses_anonymous_args = 0
  34              		@ link register save eliminated.
  32:Middlewares/Third_Party/CANopenNode/303/CO_LEDs.c ****     CO_ReturnError_t ret = CO_ERROR_NO;
  35              		.loc 1 32 5 view .LVU1
  33:Middlewares/Third_Party/CANopenNode/303/CO_LEDs.c **** 
  34:Middlewares/Third_Party/CANopenNode/303/CO_LEDs.c ****     /* verify arguments */
  35:Middlewares/Third_Party/CANopenNode/303/CO_LEDs.c ****     if (LEDs == NULL) {
  36              		.loc 1 35 5 view .LVU2
  37              		.loc 1 35 8 is_stmt 0 view .LVU3
  38 0000 0346     		mov	r3, r0
  39 0002 20B1     		cbz	r0, .L3
  36:Middlewares/Third_Party/CANopenNode/303/CO_LEDs.c ****         return CO_ERROR_ILLEGAL_ARGUMENT;
  37:Middlewares/Third_Party/CANopenNode/303/CO_LEDs.c ****     }
  38:Middlewares/Third_Party/CANopenNode/303/CO_LEDs.c **** 
  39:Middlewares/Third_Party/CANopenNode/303/CO_LEDs.c ****     /* clear the object */
  40:Middlewares/Third_Party/CANopenNode/303/CO_LEDs.c ****     memset(LEDs, 0, sizeof(CO_LEDs_t));
  40              		.loc 1 40 5 is_stmt 1 view .LVU4
  41 0004 0020     		movs	r0, #0
  42              	.LVL1:
  43              		.loc 1 40 5 is_stmt 0 view .LVU5
  44 0006 1860     		str	r0, [r3]	@ unaligned
  45 0008 5860     		str	r0, [r3, #4]	@ unaligned
  46 000a 9860     		str	r0, [r3, #8]	@ unaligned
  41:Middlewares/Third_Party/CANopenNode/303/CO_LEDs.c **** 
  42:Middlewares/Third_Party/CANopenNode/303/CO_LEDs.c ****     return ret;
  47              		.loc 1 42 5 is_stmt 1 view .LVU6
  48              		.loc 1 42 12 is_stmt 0 view .LVU7
  49 000c 7047     		bx	lr
  50              	.LVL2:
  51              	.L3:
  36:Middlewares/Third_Party/CANopenNode/303/CO_LEDs.c ****         return CO_ERROR_ILLEGAL_ARGUMENT;
  52              		.loc 1 36 16 view .LVU8
  53 000e 4FF0FF30 		mov	r0, #-1
  54              	.LVL3:
  43:Middlewares/Third_Party/CANopenNode/303/CO_LEDs.c **** }
  55              		.loc 1 43 1 view .LVU9
  56 0012 7047     		bx	lr
  57              		.cfi_endproc
  58              	.LFE160:
  60              		.section	.text.CO_LEDs_process,"ax",%progbits
  61              		.align	1
  62              		.global	CO_LEDs_process
  63              		.syntax unified
  64              		.thumb
  65              		.thumb_func
  67              	CO_LEDs_process:
  68              	.LVL4:
  69              	.LFB161:
  44:Middlewares/Third_Party/CANopenNode/303/CO_LEDs.c **** 
  45:Middlewares/Third_Party/CANopenNode/303/CO_LEDs.c **** 
  46:Middlewares/Third_Party/CANopenNode/303/CO_LEDs.c **** /******************************************************************************/
  47:Middlewares/Third_Party/CANopenNode/303/CO_LEDs.c **** void CO_LEDs_process(CO_LEDs_t *LEDs,
ARM GAS  C:\Users\walker\AppData\Local\Temp\ccvF4x7b.s 			page 3


  48:Middlewares/Third_Party/CANopenNode/303/CO_LEDs.c ****                      uint32_t timeDifference_us,
  49:Middlewares/Third_Party/CANopenNode/303/CO_LEDs.c ****                      CO_NMT_internalState_t NMTstate,
  50:Middlewares/Third_Party/CANopenNode/303/CO_LEDs.c ****                      bool_t LSSconfig,
  51:Middlewares/Third_Party/CANopenNode/303/CO_LEDs.c ****                      bool_t ErrCANbusOff,
  52:Middlewares/Third_Party/CANopenNode/303/CO_LEDs.c ****                      bool_t ErrCANbusWarn,
  53:Middlewares/Third_Party/CANopenNode/303/CO_LEDs.c ****                      bool_t ErrRpdo,
  54:Middlewares/Third_Party/CANopenNode/303/CO_LEDs.c ****                      bool_t ErrSync,
  55:Middlewares/Third_Party/CANopenNode/303/CO_LEDs.c ****                      bool_t ErrHbCons,
  56:Middlewares/Third_Party/CANopenNode/303/CO_LEDs.c ****                      bool_t ErrOther,
  57:Middlewares/Third_Party/CANopenNode/303/CO_LEDs.c ****                      bool_t firmwareDownload,
  58:Middlewares/Third_Party/CANopenNode/303/CO_LEDs.c ****                      uint32_t *timerNext_us)
  59:Middlewares/Third_Party/CANopenNode/303/CO_LEDs.c **** {
  70              		.loc 1 59 1 is_stmt 1 view -0
  71              		.cfi_startproc
  72              		@ args = 32, pretend = 0, frame = 0
  73              		@ frame_needed = 0, uses_anonymous_args = 0
  74              		@ link register save eliminated.
  75              		.loc 1 59 1 is_stmt 0 view .LVU11
  76 0000 70B4     		push	{r4, r5, r6}
  77              	.LCFI0:
  78              		.cfi_def_cfa_offset 12
  79              		.cfi_offset 4, -12
  80              		.cfi_offset 5, -8
  81              		.cfi_offset 6, -4
  60:Middlewares/Third_Party/CANopenNode/303/CO_LEDs.c ****     (void)timerNext_us; /* may be unused */
  82              		.loc 1 60 5 is_stmt 1 view .LVU12
  61:Middlewares/Third_Party/CANopenNode/303/CO_LEDs.c **** 
  62:Middlewares/Third_Party/CANopenNode/303/CO_LEDs.c ****     uint8_t rd = 0;
  83              		.loc 1 62 5 view .LVU13
  84              	.LVL5:
  63:Middlewares/Third_Party/CANopenNode/303/CO_LEDs.c ****     uint8_t gr = 0;
  85              		.loc 1 63 5 view .LVU14
  64:Middlewares/Third_Party/CANopenNode/303/CO_LEDs.c ****     bool_t tick = false;
  86              		.loc 1 64 5 view .LVU15
  65:Middlewares/Third_Party/CANopenNode/303/CO_LEDs.c **** 
  66:Middlewares/Third_Party/CANopenNode/303/CO_LEDs.c ****     LEDs->LEDtmr50ms += timeDifference_us;
  87              		.loc 1 66 5 view .LVU16
  88              		.loc 1 66 22 is_stmt 0 view .LVU17
  89 0002 0468     		ldr	r4, [r0]
  90 0004 0C44     		add	r4, r4, r1
  91 0006 0460     		str	r4, [r0]
  67:Middlewares/Third_Party/CANopenNode/303/CO_LEDs.c ****     while (LEDs->LEDtmr50ms >= 50000) {
  92              		.loc 1 67 5 is_stmt 1 view .LVU18
  64:Middlewares/Third_Party/CANopenNode/303/CO_LEDs.c ****     bool_t tick = false;
  93              		.loc 1 64 12 is_stmt 0 view .LVU19
  94 0008 0026     		movs	r6, #0
  63:Middlewares/Third_Party/CANopenNode/303/CO_LEDs.c ****     bool_t tick = false;
  95              		.loc 1 63 13 view .LVU20
  96 000a 3146     		mov	r1, r6
  97              	.LVL6:
  62:Middlewares/Third_Party/CANopenNode/303/CO_LEDs.c ****     uint8_t gr = 0;
  98              		.loc 1 62 13 view .LVU21
  99 000c B446     		mov	ip, r6
 100              		.loc 1 67 11 view .LVU22
 101 000e 4CE0     		b	.L5
 102              	.LVL7:
 103              	.L43:
ARM GAS  C:\Users\walker\AppData\Local\Temp\ccvF4x7b.s 			page 4


 104              	.LBB2:
  68:Middlewares/Third_Party/CANopenNode/303/CO_LEDs.c ****         bool_t rdFlickerNext = (LEDs->LEDred & CO_LED_flicker) == 0;
  69:Middlewares/Third_Party/CANopenNode/303/CO_LEDs.c **** 
  70:Middlewares/Third_Party/CANopenNode/303/CO_LEDs.c ****         tick = true;
  71:Middlewares/Third_Party/CANopenNode/303/CO_LEDs.c ****         LEDs->LEDtmr50ms -= 50000;
  72:Middlewares/Third_Party/CANopenNode/303/CO_LEDs.c **** 
  73:Middlewares/Third_Party/CANopenNode/303/CO_LEDs.c ****         if (++LEDs->LEDtmr200ms > 3) {
  74:Middlewares/Third_Party/CANopenNode/303/CO_LEDs.c ****             /* calculate 2,5Hz blinking and flashing */
  75:Middlewares/Third_Party/CANopenNode/303/CO_LEDs.c ****             LEDs->LEDtmr200ms = 0;
  76:Middlewares/Third_Party/CANopenNode/303/CO_LEDs.c ****             rd = gr = 0;
  77:Middlewares/Third_Party/CANopenNode/303/CO_LEDs.c **** 
  78:Middlewares/Third_Party/CANopenNode/303/CO_LEDs.c ****             if ((LEDs->LEDred & CO_LED_blink) == 0) rd |= CO_LED_blink;
  79:Middlewares/Third_Party/CANopenNode/303/CO_LEDs.c ****             else                                    gr |= CO_LED_blink;
 105              		.loc 1 79 56 view .LVU23
 106 0010 0221     		movs	r1, #2
  76:Middlewares/Third_Party/CANopenNode/303/CO_LEDs.c **** 
 107              		.loc 1 76 16 view .LVU24
 108 0012 4FF0000C 		mov	ip, #0
 109 0016 61E0     		b	.L7
 110              	.LVL8:
 111              	.L49:
  80:Middlewares/Third_Party/CANopenNode/303/CO_LEDs.c **** 
  81:Middlewares/Third_Party/CANopenNode/303/CO_LEDs.c ****             switch (++LEDs->LEDtmrflash_1) {
  82:Middlewares/Third_Party/CANopenNode/303/CO_LEDs.c ****                 case 1: rd |= CO_LED_flash_1; break;
 112              		.loc 1 82 25 is_stmt 1 view .LVU25
 113              		.loc 1 82 28 is_stmt 0 view .LVU26
 114 0018 4CF0040C 		orr	ip, ip, #4
 115              	.LVL9:
 116              		.loc 1 82 47 is_stmt 1 view .LVU27
 117              		.loc 1 82 17 is_stmt 0 view .LVU28
 118 001c 68E0     		b	.L10
 119              	.L8:
  83:Middlewares/Third_Party/CANopenNode/303/CO_LEDs.c ****                 case 2: gr |= CO_LED_flash_1; break;
 120              		.loc 1 83 25 is_stmt 1 view .LVU29
 121              		.loc 1 83 28 is_stmt 0 view .LVU30
 122 001e 41F00401 		orr	r1, r1, #4
 123              	.LVL10:
 124              		.loc 1 83 47 is_stmt 1 view .LVU31
 125              		.loc 1 83 17 is_stmt 0 view .LVU32
 126 0022 65E0     		b	.L10
 127              	.L9:
  84:Middlewares/Third_Party/CANopenNode/303/CO_LEDs.c ****                 case 6: LEDs->LEDtmrflash_1 = 0; break;
 128              		.loc 1 84 25 is_stmt 1 view .LVU33
 129              		.loc 1 84 45 is_stmt 0 view .LVU34
 130 0024 0024     		movs	r4, #0
 131 0026 4471     		strb	r4, [r0, #5]
 132              		.loc 1 84 50 is_stmt 1 view .LVU35
 133              		.loc 1 84 17 is_stmt 0 view .LVU36
 134 0028 62E0     		b	.L10
 135              	.L15:
  85:Middlewares/Third_Party/CANopenNode/303/CO_LEDs.c ****                 default: break;
  86:Middlewares/Third_Party/CANopenNode/303/CO_LEDs.c ****             }
  87:Middlewares/Third_Party/CANopenNode/303/CO_LEDs.c ****             switch (++LEDs->LEDtmrflash_2) {
  88:Middlewares/Third_Party/CANopenNode/303/CO_LEDs.c ****                 case 1: case 3: rd |= CO_LED_flash_2; break;
 136              		.loc 1 88 33 is_stmt 1 view .LVU37
 137              		.loc 1 88 36 is_stmt 0 view .LVU38
 138 002a 4CF0080C 		orr	ip, ip, #8
ARM GAS  C:\Users\walker\AppData\Local\Temp\ccvF4x7b.s 			page 5


 139              	.LVL11:
 140              		.loc 1 88 55 is_stmt 1 view .LVU39
 141              	.L11:
  89:Middlewares/Third_Party/CANopenNode/303/CO_LEDs.c ****                 case 2: case 4: gr |= CO_LED_flash_2; break;
  90:Middlewares/Third_Party/CANopenNode/303/CO_LEDs.c ****                 case 8: LEDs->LEDtmrflash_2 = 0; break;
  91:Middlewares/Third_Party/CANopenNode/303/CO_LEDs.c ****                 default: break;
  92:Middlewares/Third_Party/CANopenNode/303/CO_LEDs.c ****             }
  93:Middlewares/Third_Party/CANopenNode/303/CO_LEDs.c ****             switch (++LEDs->LEDtmrflash_3) {
 142              		.loc 1 93 13 view .LVU40
 143              		.loc 1 93 27 is_stmt 0 view .LVU41
 144 002e C479     		ldrb	r4, [r0, #7]	@ zero_extendqisi2
 145              		.loc 1 93 21 view .LVU42
 146 0030 0134     		adds	r4, r4, #1
 147 0032 E4B2     		uxtb	r4, r4
 148              		.loc 1 93 13 view .LVU43
 149 0034 C471     		strb	r4, [r0, #7]
 150 0036 013C     		subs	r4, r4, #1
 151 0038 092C     		cmp	r4, #9
 152 003a 0ED8     		bhi	.L16
 153 003c DFE804F0 		tbb	[pc, r4]
 154              	.L18:
 155 0040 0B       		.byte	(.L20-.L18)/2
 156 0041 1C       		.byte	(.L19-.L18)/2
 157 0042 0B       		.byte	(.L20-.L18)/2
 158 0043 1C       		.byte	(.L19-.L18)/2
 159 0044 0B       		.byte	(.L20-.L18)/2
 160 0045 1C       		.byte	(.L19-.L18)/2
 161 0046 0D       		.byte	(.L16-.L18)/2
 162 0047 0D       		.byte	(.L16-.L18)/2
 163 0048 0D       		.byte	(.L16-.L18)/2
 164 0049 1F       		.byte	(.L17-.L18)/2
 165              		.p2align 1
 166              	.L14:
  89:Middlewares/Third_Party/CANopenNode/303/CO_LEDs.c ****                 case 2: case 4: gr |= CO_LED_flash_2; break;
 167              		.loc 1 89 33 is_stmt 1 view .LVU44
  89:Middlewares/Third_Party/CANopenNode/303/CO_LEDs.c ****                 case 2: case 4: gr |= CO_LED_flash_2; break;
 168              		.loc 1 89 36 is_stmt 0 view .LVU45
 169 004a 41F00801 		orr	r1, r1, #8
 170              	.LVL12:
  89:Middlewares/Third_Party/CANopenNode/303/CO_LEDs.c ****                 case 2: case 4: gr |= CO_LED_flash_2; break;
 171              		.loc 1 89 55 is_stmt 1 view .LVU46
  89:Middlewares/Third_Party/CANopenNode/303/CO_LEDs.c ****                 case 2: case 4: gr |= CO_LED_flash_2; break;
 172              		.loc 1 89 17 is_stmt 0 view .LVU47
 173 004e EEE7     		b	.L11
 174              	.L12:
  90:Middlewares/Third_Party/CANopenNode/303/CO_LEDs.c ****                 default: break;
 175              		.loc 1 90 25 is_stmt 1 view .LVU48
  90:Middlewares/Third_Party/CANopenNode/303/CO_LEDs.c ****                 default: break;
 176              		.loc 1 90 45 is_stmt 0 view .LVU49
 177 0050 0024     		movs	r4, #0
 178 0052 8471     		strb	r4, [r0, #6]
  90:Middlewares/Third_Party/CANopenNode/303/CO_LEDs.c ****                 default: break;
 179              		.loc 1 90 50 is_stmt 1 view .LVU50
  90:Middlewares/Third_Party/CANopenNode/303/CO_LEDs.c ****                 default: break;
 180              		.loc 1 90 17 is_stmt 0 view .LVU51
 181 0054 EBE7     		b	.L11
 182              	.L20:
ARM GAS  C:\Users\walker\AppData\Local\Temp\ccvF4x7b.s 			page 6


  94:Middlewares/Third_Party/CANopenNode/303/CO_LEDs.c ****                 case 1: case 3: case 5: rd |= CO_LED_flash_3; break;
 183              		.loc 1 94 41 is_stmt 1 view .LVU52
 184              		.loc 1 94 44 is_stmt 0 view .LVU53
 185 0056 4CF0100C 		orr	ip, ip, #16
 186              	.LVL13:
 187              		.loc 1 94 63 is_stmt 1 view .LVU54
 188              	.L16:
  95:Middlewares/Third_Party/CANopenNode/303/CO_LEDs.c ****                 case 2: case 4: case 6: gr |= CO_LED_flash_3; break;
  96:Middlewares/Third_Party/CANopenNode/303/CO_LEDs.c ****                 case 10: LEDs->LEDtmrflash_3 = 0; break;
  97:Middlewares/Third_Party/CANopenNode/303/CO_LEDs.c ****                 default: break;
  98:Middlewares/Third_Party/CANopenNode/303/CO_LEDs.c ****             }
  99:Middlewares/Third_Party/CANopenNode/303/CO_LEDs.c ****             switch (++LEDs->LEDtmrflash_4) {
 189              		.loc 1 99 13 view .LVU55
 190              		.loc 1 99 27 is_stmt 0 view .LVU56
 191 005a 047A     		ldrb	r4, [r0, #8]	@ zero_extendqisi2
 192              		.loc 1 99 21 view .LVU57
 193 005c 0134     		adds	r4, r4, #1
 194 005e E4B2     		uxtb	r4, r4
 195              		.loc 1 99 13 view .LVU58
 196 0060 0472     		strb	r4, [r0, #8]
 197 0062 013C     		subs	r4, r4, #1
 198 0064 0B2C     		cmp	r4, #11
 199 0066 1BD8     		bhi	.L21
 200 0068 DFE804F0 		tbb	[pc, r4]
 201              	.L23:
 202 006c 0C       		.byte	(.L25-.L23)/2
 203 006d 0F       		.byte	(.L24-.L23)/2
 204 006e 0C       		.byte	(.L25-.L23)/2
 205 006f 0F       		.byte	(.L24-.L23)/2
 206 0070 0C       		.byte	(.L25-.L23)/2
 207 0071 0F       		.byte	(.L24-.L23)/2
 208 0072 0C       		.byte	(.L25-.L23)/2
 209 0073 0F       		.byte	(.L24-.L23)/2
 210 0074 1A       		.byte	(.L21-.L23)/2
 211 0075 1A       		.byte	(.L21-.L23)/2
 212 0076 1A       		.byte	(.L21-.L23)/2
 213 0077 12       		.byte	(.L22-.L23)/2
 214              		.p2align 1
 215              	.L19:
  95:Middlewares/Third_Party/CANopenNode/303/CO_LEDs.c ****                 case 2: case 4: case 6: gr |= CO_LED_flash_3; break;
 216              		.loc 1 95 41 is_stmt 1 view .LVU59
  95:Middlewares/Third_Party/CANopenNode/303/CO_LEDs.c ****                 case 2: case 4: case 6: gr |= CO_LED_flash_3; break;
 217              		.loc 1 95 44 is_stmt 0 view .LVU60
 218 0078 41F01001 		orr	r1, r1, #16
 219              	.LVL14:
  95:Middlewares/Third_Party/CANopenNode/303/CO_LEDs.c ****                 case 2: case 4: case 6: gr |= CO_LED_flash_3; break;
 220              		.loc 1 95 63 is_stmt 1 view .LVU61
  95:Middlewares/Third_Party/CANopenNode/303/CO_LEDs.c ****                 case 2: case 4: case 6: gr |= CO_LED_flash_3; break;
 221              		.loc 1 95 17 is_stmt 0 view .LVU62
 222 007c EDE7     		b	.L16
 223              	.L17:
  96:Middlewares/Third_Party/CANopenNode/303/CO_LEDs.c ****                 default: break;
 224              		.loc 1 96 26 is_stmt 1 view .LVU63
  96:Middlewares/Third_Party/CANopenNode/303/CO_LEDs.c ****                 default: break;
 225              		.loc 1 96 46 is_stmt 0 view .LVU64
 226 007e 0024     		movs	r4, #0
 227 0080 C471     		strb	r4, [r0, #7]
ARM GAS  C:\Users\walker\AppData\Local\Temp\ccvF4x7b.s 			page 7


  96:Middlewares/Third_Party/CANopenNode/303/CO_LEDs.c ****                 default: break;
 228              		.loc 1 96 51 is_stmt 1 view .LVU65
  96:Middlewares/Third_Party/CANopenNode/303/CO_LEDs.c ****                 default: break;
 229              		.loc 1 96 17 is_stmt 0 view .LVU66
 230 0082 EAE7     		b	.L16
 231              	.L25:
 100:Middlewares/Third_Party/CANopenNode/303/CO_LEDs.c ****                 case 1: case 3: case 5: case 7: rd |= CO_LED_flash_4; break;
 232              		.loc 1 100 49 is_stmt 1 view .LVU67
 233              		.loc 1 100 52 is_stmt 0 view .LVU68
 234 0084 4CF0200C 		orr	ip, ip, #32
 235              	.LVL15:
 236              		.loc 1 100 71 is_stmt 1 view .LVU69
 237              		.loc 1 100 17 is_stmt 0 view .LVU70
 238 0088 0AE0     		b	.L21
 239              	.L24:
 101:Middlewares/Third_Party/CANopenNode/303/CO_LEDs.c ****                 case 2: case 4: case 6: case 8: gr |= CO_LED_flash_4; break;
 240              		.loc 1 101 49 is_stmt 1 view .LVU71
 241              		.loc 1 101 52 is_stmt 0 view .LVU72
 242 008a 41F02001 		orr	r1, r1, #32
 243              	.LVL16:
 244              		.loc 1 101 71 is_stmt 1 view .LVU73
 245              		.loc 1 101 17 is_stmt 0 view .LVU74
 246 008e 07E0     		b	.L21
 247              	.L22:
 102:Middlewares/Third_Party/CANopenNode/303/CO_LEDs.c ****                 case 12: LEDs->LEDtmrflash_4 = 0; break;
 248              		.loc 1 102 26 is_stmt 1 view .LVU75
 249              		.loc 1 102 46 is_stmt 0 view .LVU76
 250 0090 0024     		movs	r4, #0
 251 0092 0472     		strb	r4, [r0, #8]
 252              		.loc 1 102 51 is_stmt 1 view .LVU77
 253              		.loc 1 102 17 is_stmt 0 view .LVU78
 254 0094 04E0     		b	.L21
 255              	.LVL17:
 256              	.L6:
 103:Middlewares/Third_Party/CANopenNode/303/CO_LEDs.c ****                 default: break;
 104:Middlewares/Third_Party/CANopenNode/303/CO_LEDs.c ****             }
 105:Middlewares/Third_Party/CANopenNode/303/CO_LEDs.c ****         }
 106:Middlewares/Third_Party/CANopenNode/303/CO_LEDs.c ****         else {
 107:Middlewares/Third_Party/CANopenNode/303/CO_LEDs.c ****             /* clear flicker and CANopen bits, keep others */
 108:Middlewares/Third_Party/CANopenNode/303/CO_LEDs.c ****             rd = LEDs->LEDred & (0xFF ^ (CO_LED_flicker | CO_LED_CANopen));
 257              		.loc 1 108 13 is_stmt 1 view .LVU79
 258              		.loc 1 108 16 is_stmt 0 view .LVU80
 259 0096 01F07E0C 		and	ip, r1, #126
 260              	.LVL18:
 109:Middlewares/Third_Party/CANopenNode/303/CO_LEDs.c ****             gr = LEDs->LEDgreen & (0xFF ^ (CO_LED_flicker | CO_LED_CANopen));
 261              		.loc 1 109 13 is_stmt 1 view .LVU81
 262              		.loc 1 109 22 is_stmt 0 view .LVU82
 263 009a 817A     		ldrb	r1, [r0, #10]	@ zero_extendqisi2
 264              		.loc 1 109 16 view .LVU83
 265 009c 01F07E01 		and	r1, r1, #126
 266              	.LVL19:
 267              	.L21:
 110:Middlewares/Third_Party/CANopenNode/303/CO_LEDs.c ****         }
 111:Middlewares/Third_Party/CANopenNode/303/CO_LEDs.c **** 
 112:Middlewares/Third_Party/CANopenNode/303/CO_LEDs.c ****         /* calculate 10Hz flickering */
 113:Middlewares/Third_Party/CANopenNode/303/CO_LEDs.c ****         if (rdFlickerNext) rd |= CO_LED_flicker;
 268              		.loc 1 113 9 is_stmt 1 view .LVU84
ARM GAS  C:\Users\walker\AppData\Local\Temp\ccvF4x7b.s 			page 8


 269              		.loc 1 113 12 is_stmt 0 view .LVU85
 270 00a0 002D     		cmp	r5, #0
 271 00a2 3FD1     		bne	.L26
 272              		.loc 1 113 28 is_stmt 1 discriminator 1 view .LVU86
 273              		.loc 1 113 31 is_stmt 0 discriminator 1 view .LVU87
 274 00a4 4CF0010C 		orr	ip, ip, #1
 275              	.LVL20:
 276              	.L27:
  78:Middlewares/Third_Party/CANopenNode/303/CO_LEDs.c ****             else                                    gr |= CO_LED_blink;
 277              		.loc 1 78 56 view .LVU88
 278 00a8 0126     		movs	r6, #1
 279              	.LVL21:
 280              	.L5:
  78:Middlewares/Third_Party/CANopenNode/303/CO_LEDs.c ****             else                                    gr |= CO_LED_blink;
 281              		.loc 1 78 56 view .LVU89
 282              	.LBE2:
  67:Middlewares/Third_Party/CANopenNode/303/CO_LEDs.c ****         bool_t rdFlickerNext = (LEDs->LEDred & CO_LED_flicker) == 0;
 283              		.loc 1 67 11 is_stmt 1 view .LVU90
  67:Middlewares/Third_Party/CANopenNode/303/CO_LEDs.c ****         bool_t rdFlickerNext = (LEDs->LEDred & CO_LED_flicker) == 0;
 284              		.loc 1 67 16 is_stmt 0 view .LVU91
 285 00aa 0468     		ldr	r4, [r0]
  67:Middlewares/Third_Party/CANopenNode/303/CO_LEDs.c ****         bool_t rdFlickerNext = (LEDs->LEDred & CO_LED_flicker) == 0;
 286              		.loc 1 67 11 view .LVU92
 287 00ac 4CF24F35 		movw	r5, #49999
 288 00b0 AC42     		cmp	r4, r5
 289 00b2 3AD9     		bls	.L48
 290              	.LBB3:
  68:Middlewares/Third_Party/CANopenNode/303/CO_LEDs.c **** 
 291              		.loc 1 68 9 is_stmt 1 view .LVU93
  68:Middlewares/Third_Party/CANopenNode/303/CO_LEDs.c **** 
 292              		.loc 1 68 37 is_stmt 0 view .LVU94
 293 00b4 417A     		ldrb	r1, [r0, #9]	@ zero_extendqisi2
 294              	.LVL22:
  68:Middlewares/Third_Party/CANopenNode/303/CO_LEDs.c **** 
 295              		.loc 1 68 37 view .LVU95
 296 00b6 01F00105 		and	r5, r1, #1
 297              	.LVL23:
  70:Middlewares/Third_Party/CANopenNode/303/CO_LEDs.c ****         LEDs->LEDtmr50ms -= 50000;
 298              		.loc 1 70 9 is_stmt 1 view .LVU96
  71:Middlewares/Third_Party/CANopenNode/303/CO_LEDs.c **** 
 299              		.loc 1 71 9 view .LVU97
  71:Middlewares/Third_Party/CANopenNode/303/CO_LEDs.c **** 
 300              		.loc 1 71 26 is_stmt 0 view .LVU98
 301 00ba A4F54344 		sub	r4, r4, #49920
 302 00be 503C     		subs	r4, r4, #80
 303 00c0 0460     		str	r4, [r0]
  73:Middlewares/Third_Party/CANopenNode/303/CO_LEDs.c ****             /* calculate 2,5Hz blinking and flashing */
 304              		.loc 1 73 9 is_stmt 1 view .LVU99
  73:Middlewares/Third_Party/CANopenNode/303/CO_LEDs.c ****             /* calculate 2,5Hz blinking and flashing */
 305              		.loc 1 73 19 is_stmt 0 view .LVU100
 306 00c2 0479     		ldrb	r4, [r0, #4]	@ zero_extendqisi2
  73:Middlewares/Third_Party/CANopenNode/303/CO_LEDs.c ****             /* calculate 2,5Hz blinking and flashing */
 307              		.loc 1 73 13 view .LVU101
 308 00c4 0134     		adds	r4, r4, #1
 309 00c6 E4B2     		uxtb	r4, r4
  73:Middlewares/Third_Party/CANopenNode/303/CO_LEDs.c ****             /* calculate 2,5Hz blinking and flashing */
 310              		.loc 1 73 12 view .LVU102
ARM GAS  C:\Users\walker\AppData\Local\Temp\ccvF4x7b.s 			page 9


 311 00c8 0471     		strb	r4, [r0, #4]
 312 00ca 032C     		cmp	r4, #3
 313 00cc E3D9     		bls	.L6
  75:Middlewares/Third_Party/CANopenNode/303/CO_LEDs.c ****             rd = gr = 0;
 314              		.loc 1 75 13 is_stmt 1 view .LVU103
  75:Middlewares/Third_Party/CANopenNode/303/CO_LEDs.c ****             rd = gr = 0;
 315              		.loc 1 75 31 is_stmt 0 view .LVU104
 316 00ce 0024     		movs	r4, #0
 317 00d0 0471     		strb	r4, [r0, #4]
  76:Middlewares/Third_Party/CANopenNode/303/CO_LEDs.c **** 
 318              		.loc 1 76 13 is_stmt 1 view .LVU105
 319              	.LVL24:
  78:Middlewares/Third_Party/CANopenNode/303/CO_LEDs.c ****             else                                    gr |= CO_LED_blink;
 320              		.loc 1 78 13 view .LVU106
  78:Middlewares/Third_Party/CANopenNode/303/CO_LEDs.c ****             else                                    gr |= CO_LED_blink;
 321              		.loc 1 78 16 is_stmt 0 view .LVU107
 322 00d2 11F00201 		ands	r1, r1, #2
 323 00d6 9BD1     		bne	.L43
  78:Middlewares/Third_Party/CANopenNode/303/CO_LEDs.c ****             else                                    gr |= CO_LED_blink;
 324              		.loc 1 78 56 view .LVU108
 325 00d8 4FF0020C 		mov	ip, #2
 326              	.L7:
 327              	.LVL25:
  81:Middlewares/Third_Party/CANopenNode/303/CO_LEDs.c ****                 case 1: rd |= CO_LED_flash_1; break;
 328              		.loc 1 81 13 is_stmt 1 view .LVU109
  81:Middlewares/Third_Party/CANopenNode/303/CO_LEDs.c ****                 case 1: rd |= CO_LED_flash_1; break;
 329              		.loc 1 81 27 is_stmt 0 view .LVU110
 330 00dc 4479     		ldrb	r4, [r0, #5]	@ zero_extendqisi2
  81:Middlewares/Third_Party/CANopenNode/303/CO_LEDs.c ****                 case 1: rd |= CO_LED_flash_1; break;
 331              		.loc 1 81 21 view .LVU111
 332 00de 0134     		adds	r4, r4, #1
 333 00e0 E4B2     		uxtb	r4, r4
  81:Middlewares/Third_Party/CANopenNode/303/CO_LEDs.c ****                 case 1: rd |= CO_LED_flash_1; break;
 334              		.loc 1 81 13 view .LVU112
 335 00e2 4471     		strb	r4, [r0, #5]
 336 00e4 022C     		cmp	r4, #2
 337 00e6 9AD0     		beq	.L8
 338 00e8 062C     		cmp	r4, #6
 339 00ea 9BD0     		beq	.L9
 340 00ec 012C     		cmp	r4, #1
 341 00ee 93D0     		beq	.L49
 342              	.L10:
  87:Middlewares/Third_Party/CANopenNode/303/CO_LEDs.c ****                 case 1: case 3: rd |= CO_LED_flash_2; break;
 343              		.loc 1 87 13 is_stmt 1 view .LVU113
  87:Middlewares/Third_Party/CANopenNode/303/CO_LEDs.c ****                 case 1: case 3: rd |= CO_LED_flash_2; break;
 344              		.loc 1 87 27 is_stmt 0 view .LVU114
 345 00f0 8479     		ldrb	r4, [r0, #6]	@ zero_extendqisi2
  87:Middlewares/Third_Party/CANopenNode/303/CO_LEDs.c ****                 case 1: case 3: rd |= CO_LED_flash_2; break;
 346              		.loc 1 87 21 view .LVU115
 347 00f2 0134     		adds	r4, r4, #1
 348 00f4 E4B2     		uxtb	r4, r4
  87:Middlewares/Third_Party/CANopenNode/303/CO_LEDs.c ****                 case 1: case 3: rd |= CO_LED_flash_2; break;
 349              		.loc 1 87 13 view .LVU116
 350 00f6 8471     		strb	r4, [r0, #6]
 351 00f8 013C     		subs	r4, r4, #1
 352 00fa 072C     		cmp	r4, #7
 353 00fc 97D8     		bhi	.L11
ARM GAS  C:\Users\walker\AppData\Local\Temp\ccvF4x7b.s 			page 10


 354 00fe 01A6     		adr	r6, .L13
 355 0100 56F824F0 		ldr	pc, [r6, r4, lsl #2]
 356              		.p2align 2
 357              	.L13:
 358 0104 2B000000 		.word	.L15+1
 359 0108 4B000000 		.word	.L14+1
 360 010c 2B000000 		.word	.L15+1
 361 0110 4B000000 		.word	.L14+1
 362 0114 2F000000 		.word	.L11+1
 363 0118 2F000000 		.word	.L11+1
 364 011c 2F000000 		.word	.L11+1
 365 0120 51000000 		.word	.L12+1
 366              		.p2align 1
 367              	.L26:
 114:Middlewares/Third_Party/CANopenNode/303/CO_LEDs.c ****         else               gr |= CO_LED_flicker;
 368              		.loc 1 114 28 is_stmt 1 view .LVU117
 369              		.loc 1 114 31 is_stmt 0 view .LVU118
 370 0124 41F00101 		orr	r1, r1, #1
 371              	.LVL26:
 372              		.loc 1 114 31 view .LVU119
 373 0128 BEE7     		b	.L27
 374              	.LVL27:
 375              	.L48:
 376              		.loc 1 114 31 view .LVU120
 377              	.LBE3:
 115:Middlewares/Third_Party/CANopenNode/303/CO_LEDs.c **** 
 116:Middlewares/Third_Party/CANopenNode/303/CO_LEDs.c ****     } /* while (LEDs->LEDtmr50ms >= 50000) */
 117:Middlewares/Third_Party/CANopenNode/303/CO_LEDs.c **** 
 118:Middlewares/Third_Party/CANopenNode/303/CO_LEDs.c ****     if (tick) {
 378              		.loc 1 118 5 is_stmt 1 view .LVU121
 379              		.loc 1 118 8 is_stmt 0 view .LVU122
 380 012a 5EB3     		cbz	r6, .L4
 381              	.LBB4:
 119:Middlewares/Third_Party/CANopenNode/303/CO_LEDs.c ****         uint8_t rd_co, gr_co;
 382              		.loc 1 119 9 is_stmt 1 view .LVU123
 120:Middlewares/Third_Party/CANopenNode/303/CO_LEDs.c **** 
 121:Middlewares/Third_Party/CANopenNode/303/CO_LEDs.c ****         /* CANopen red ERROR LED */
 122:Middlewares/Third_Party/CANopenNode/303/CO_LEDs.c ****         if      (ErrCANbusOff)                      rd_co = 1;
 383              		.loc 1 122 9 view .LVU124
 384              		.loc 1 122 17 is_stmt 0 view .LVU125
 385 012c 039C     		ldr	r4, [sp, #12]
 386 012e E4B9     		cbnz	r4, .L44
 123:Middlewares/Third_Party/CANopenNode/303/CO_LEDs.c ****         else if (NMTstate == CO_NMT_INITIALIZING)   rd_co = rd & CO_LED_flicker;
 387              		.loc 1 123 14 is_stmt 1 view .LVU126
 388              		.loc 1 123 17 is_stmt 0 view .LVU127
 389 0130 12B9     		cbnz	r2, .L31
 390              		.loc 1 123 53 is_stmt 1 discriminator 1 view .LVU128
 391              		.loc 1 123 59 is_stmt 0 discriminator 1 view .LVU129
 392 0132 0CF00104 		and	r4, ip, #1
 393              	.LVL28:
 394              		.loc 1 123 59 discriminator 1 view .LVU130
 395 0136 19E0     		b	.L30
 396              	.LVL29:
 397              	.L31:
 124:Middlewares/Third_Party/CANopenNode/303/CO_LEDs.c ****         else if (ErrRpdo)                           rd_co = rd & CO_LED_flash_4;
 398              		.loc 1 124 14 is_stmt 1 view .LVU131
 399              		.loc 1 124 17 is_stmt 0 view .LVU132
ARM GAS  C:\Users\walker\AppData\Local\Temp\ccvF4x7b.s 			page 11


 400 0138 059C     		ldr	r4, [sp, #20]
 401 013a 14B1     		cbz	r4, .L32
 402              		.loc 1 124 53 is_stmt 1 discriminator 1 view .LVU133
 403              		.loc 1 124 59 is_stmt 0 discriminator 1 view .LVU134
 404 013c 0CF02004 		and	r4, ip, #32
 405              	.LVL30:
 406              		.loc 1 124 59 discriminator 1 view .LVU135
 407 0140 14E0     		b	.L30
 408              	.LVL31:
 409              	.L32:
 125:Middlewares/Third_Party/CANopenNode/303/CO_LEDs.c ****         else if (ErrSync)                           rd_co = rd & CO_LED_flash_3;
 410              		.loc 1 125 14 is_stmt 1 view .LVU136
 411              		.loc 1 125 17 is_stmt 0 view .LVU137
 412 0142 069C     		ldr	r4, [sp, #24]
 413 0144 14B1     		cbz	r4, .L33
 414              		.loc 1 125 53 is_stmt 1 discriminator 1 view .LVU138
 415              		.loc 1 125 59 is_stmt 0 discriminator 1 view .LVU139
 416 0146 0CF01004 		and	r4, ip, #16
 417              	.LVL32:
 418              		.loc 1 125 59 discriminator 1 view .LVU140
 419 014a 0FE0     		b	.L30
 420              	.LVL33:
 421              	.L33:
 126:Middlewares/Third_Party/CANopenNode/303/CO_LEDs.c ****         else if (ErrHbCons)                         rd_co = rd & CO_LED_flash_2;
 422              		.loc 1 126 14 is_stmt 1 view .LVU141
 423              		.loc 1 126 17 is_stmt 0 view .LVU142
 424 014c 079C     		ldr	r4, [sp, #28]
 425 014e 14B1     		cbz	r4, .L34
 426              		.loc 1 126 53 is_stmt 1 discriminator 1 view .LVU143
 427              		.loc 1 126 59 is_stmt 0 discriminator 1 view .LVU144
 428 0150 0CF00804 		and	r4, ip, #8
 429              	.LVL34:
 430              		.loc 1 126 59 discriminator 1 view .LVU145
 431 0154 0AE0     		b	.L30
 432              	.LVL35:
 433              	.L34:
 127:Middlewares/Third_Party/CANopenNode/303/CO_LEDs.c ****         else if (ErrCANbusWarn)                     rd_co = rd & CO_LED_flash_1;
 434              		.loc 1 127 14 is_stmt 1 view .LVU146
 435              		.loc 1 127 17 is_stmt 0 view .LVU147
 436 0156 049C     		ldr	r4, [sp, #16]
 437 0158 14B1     		cbz	r4, .L35
 438              		.loc 1 127 53 is_stmt 1 discriminator 1 view .LVU148
 439              		.loc 1 127 59 is_stmt 0 discriminator 1 view .LVU149
 440 015a 0CF00404 		and	r4, ip, #4
 441              	.LVL36:
 442              		.loc 1 127 59 discriminator 1 view .LVU150
 443 015e 05E0     		b	.L30
 444              	.LVL37:
 445              	.L35:
 128:Middlewares/Third_Party/CANopenNode/303/CO_LEDs.c ****         else if (ErrOther)                          rd_co = rd & CO_LED_blink;
 446              		.loc 1 128 14 is_stmt 1 view .LVU151
 447              		.loc 1 128 17 is_stmt 0 view .LVU152
 448 0160 089C     		ldr	r4, [sp, #32]
 449 0162 8CB1     		cbz	r4, .L45
 450              		.loc 1 128 53 is_stmt 1 discriminator 1 view .LVU153
 451              		.loc 1 128 59 is_stmt 0 discriminator 1 view .LVU154
 452 0164 0CF00204 		and	r4, ip, #2
ARM GAS  C:\Users\walker\AppData\Local\Temp\ccvF4x7b.s 			page 12


 453              	.LVL38:
 454              		.loc 1 128 59 discriminator 1 view .LVU155
 455 0168 00E0     		b	.L30
 456              	.LVL39:
 457              	.L44:
 122:Middlewares/Third_Party/CANopenNode/303/CO_LEDs.c ****         else if (NMTstate == CO_NMT_INITIALIZING)   rd_co = rd & CO_LED_flicker;
 458              		.loc 1 122 59 view .LVU156
 459 016a 0124     		movs	r4, #1
 460              	.L30:
 461              	.LVL40:
 129:Middlewares/Third_Party/CANopenNode/303/CO_LEDs.c ****         else                                        rd_co = 0;
 130:Middlewares/Third_Party/CANopenNode/303/CO_LEDs.c **** 
 131:Middlewares/Third_Party/CANopenNode/303/CO_LEDs.c ****         /* CANopen green RUN LED */
 132:Middlewares/Third_Party/CANopenNode/303/CO_LEDs.c ****         if      (LSSconfig)                         gr_co = gr & CO_LED_flicker;
 462              		.loc 1 132 9 is_stmt 1 view .LVU157
 463              		.loc 1 132 17 is_stmt 0 view .LVU158
 464 016c 73B1     		cbz	r3, .L36
 465              		.loc 1 132 53 is_stmt 1 discriminator 1 view .LVU159
 466              		.loc 1 132 59 is_stmt 0 discriminator 1 view .LVU160
 467 016e 01F00103 		and	r3, r1, #1
 468              	.LVL41:
 469              	.L37:
 133:Middlewares/Third_Party/CANopenNode/303/CO_LEDs.c ****         else if (firmwareDownload)                  gr_co = gr & CO_LED_flash_3;
 134:Middlewares/Third_Party/CANopenNode/303/CO_LEDs.c ****         else if (NMTstate == CO_NMT_STOPPED)        gr_co = gr & CO_LED_flash_1;
 135:Middlewares/Third_Party/CANopenNode/303/CO_LEDs.c ****         else if (NMTstate == CO_NMT_PRE_OPERATIONAL)gr_co = gr & CO_LED_blink;
 136:Middlewares/Third_Party/CANopenNode/303/CO_LEDs.c ****         else if (NMTstate == CO_NMT_OPERATIONAL)    gr_co = 1;
 137:Middlewares/Third_Party/CANopenNode/303/CO_LEDs.c ****         else                                        gr_co = 0;
 138:Middlewares/Third_Party/CANopenNode/303/CO_LEDs.c **** 
 139:Middlewares/Third_Party/CANopenNode/303/CO_LEDs.c ****         if (rd_co != 0) rd |= CO_LED_CANopen;
 470              		.loc 1 139 9 is_stmt 1 view .LVU161
 471              		.loc 1 139 12 is_stmt 0 view .LVU162
 472 0172 0CB1     		cbz	r4, .L41
 473              		.loc 1 139 25 is_stmt 1 discriminator 1 view .LVU163
 474              		.loc 1 139 28 is_stmt 0 discriminator 1 view .LVU164
 475 0174 4CF0800C 		orr	ip, ip, #128
 476              	.LVL42:
 477              	.L41:
 140:Middlewares/Third_Party/CANopenNode/303/CO_LEDs.c ****         if (gr_co != 0) gr |= CO_LED_CANopen;
 478              		.loc 1 140 9 is_stmt 1 view .LVU165
 479              		.loc 1 140 12 is_stmt 0 view .LVU166
 480 0178 0BB1     		cbz	r3, .L42
 481              		.loc 1 140 25 is_stmt 1 discriminator 1 view .LVU167
 482              		.loc 1 140 28 is_stmt 0 discriminator 1 view .LVU168
 483 017a 41F08001 		orr	r1, r1, #128
 484              	.LVL43:
 485              	.L42:
 141:Middlewares/Third_Party/CANopenNode/303/CO_LEDs.c ****         LEDs->LEDred = rd;
 486              		.loc 1 141 9 is_stmt 1 view .LVU169
 487              		.loc 1 141 22 is_stmt 0 view .LVU170
 488 017e 80F809C0 		strb	ip, [r0, #9]
 142:Middlewares/Third_Party/CANopenNode/303/CO_LEDs.c ****         LEDs->LEDgreen = gr;
 489              		.loc 1 142 9 is_stmt 1 view .LVU171
 490              		.loc 1 142 24 is_stmt 0 view .LVU172
 491 0182 8172     		strb	r1, [r0, #10]
 492              	.LVL44:
 493              	.L4:
 494              		.loc 1 142 24 view .LVU173
ARM GAS  C:\Users\walker\AppData\Local\Temp\ccvF4x7b.s 			page 13


 495              	.LBE4:
 143:Middlewares/Third_Party/CANopenNode/303/CO_LEDs.c ****     } /* if (tick) */
 144:Middlewares/Third_Party/CANopenNode/303/CO_LEDs.c **** 
 145:Middlewares/Third_Party/CANopenNode/303/CO_LEDs.c **** #if (CO_CONFIG_LEDS) & CO_CONFIG_FLAG_TIMERNEXT
 146:Middlewares/Third_Party/CANopenNode/303/CO_LEDs.c ****     if (timerNext_us != NULL) {
 147:Middlewares/Third_Party/CANopenNode/303/CO_LEDs.c ****         uint32_t diff = 50000 - LEDs->LEDtmr50ms;
 148:Middlewares/Third_Party/CANopenNode/303/CO_LEDs.c ****         if (*timerNext_us > diff) {
 149:Middlewares/Third_Party/CANopenNode/303/CO_LEDs.c ****             *timerNext_us = diff;
 150:Middlewares/Third_Party/CANopenNode/303/CO_LEDs.c ****         }
 151:Middlewares/Third_Party/CANopenNode/303/CO_LEDs.c ****     }
 152:Middlewares/Third_Party/CANopenNode/303/CO_LEDs.c **** #endif
 153:Middlewares/Third_Party/CANopenNode/303/CO_LEDs.c **** }
 496              		.loc 1 153 1 view .LVU174
 497 0184 70BC     		pop	{r4, r5, r6}
 498              	.LCFI1:
 499              		.cfi_remember_state
 500              		.cfi_restore 6
 501              		.cfi_restore 5
 502              		.cfi_restore 4
 503              		.cfi_def_cfa_offset 0
 504              	.LVL45:
 505              		.loc 1 153 1 view .LVU175
 506 0186 7047     		bx	lr
 507              	.LVL46:
 508              	.L45:
 509              	.LCFI2:
 510              		.cfi_restore_state
 511              	.LBB5:
 129:Middlewares/Third_Party/CANopenNode/303/CO_LEDs.c **** 
 512              		.loc 1 129 59 view .LVU176
 513 0188 0024     		movs	r4, #0
 514 018a EFE7     		b	.L30
 515              	.LVL47:
 516              	.L36:
 133:Middlewares/Third_Party/CANopenNode/303/CO_LEDs.c ****         else if (NMTstate == CO_NMT_STOPPED)        gr_co = gr & CO_LED_flash_1;
 517              		.loc 1 133 14 is_stmt 1 view .LVU177
 133:Middlewares/Third_Party/CANopenNode/303/CO_LEDs.c ****         else if (NMTstate == CO_NMT_STOPPED)        gr_co = gr & CO_LED_flash_1;
 518              		.loc 1 133 17 is_stmt 0 view .LVU178
 519 018c 099B     		ldr	r3, [sp, #36]
 520              	.LVL48:
 133:Middlewares/Third_Party/CANopenNode/303/CO_LEDs.c ****         else if (NMTstate == CO_NMT_STOPPED)        gr_co = gr & CO_LED_flash_1;
 521              		.loc 1 133 17 view .LVU179
 522 018e 13B1     		cbz	r3, .L38
 133:Middlewares/Third_Party/CANopenNode/303/CO_LEDs.c ****         else if (NMTstate == CO_NMT_STOPPED)        gr_co = gr & CO_LED_flash_1;
 523              		.loc 1 133 53 is_stmt 1 discriminator 1 view .LVU180
 133:Middlewares/Third_Party/CANopenNode/303/CO_LEDs.c ****         else if (NMTstate == CO_NMT_STOPPED)        gr_co = gr & CO_LED_flash_1;
 524              		.loc 1 133 59 is_stmt 0 discriminator 1 view .LVU181
 525 0190 01F01003 		and	r3, r1, #16
 526              	.LVL49:
 133:Middlewares/Third_Party/CANopenNode/303/CO_LEDs.c ****         else if (NMTstate == CO_NMT_STOPPED)        gr_co = gr & CO_LED_flash_1;
 527              		.loc 1 133 59 discriminator 1 view .LVU182
 528 0194 EDE7     		b	.L37
 529              	.LVL50:
 530              	.L38:
 134:Middlewares/Third_Party/CANopenNode/303/CO_LEDs.c ****         else if (NMTstate == CO_NMT_PRE_OPERATIONAL)gr_co = gr & CO_LED_blink;
 531              		.loc 1 134 14 is_stmt 1 view .LVU183
 134:Middlewares/Third_Party/CANopenNode/303/CO_LEDs.c ****         else if (NMTstate == CO_NMT_PRE_OPERATIONAL)gr_co = gr & CO_LED_blink;
ARM GAS  C:\Users\walker\AppData\Local\Temp\ccvF4x7b.s 			page 14


 532              		.loc 1 134 17 is_stmt 0 view .LVU184
 533 0196 042A     		cmp	r2, #4
 534 0198 05D0     		beq	.L50
 135:Middlewares/Third_Party/CANopenNode/303/CO_LEDs.c ****         else if (NMTstate == CO_NMT_OPERATIONAL)    gr_co = 1;
 535              		.loc 1 135 14 is_stmt 1 view .LVU185
 135:Middlewares/Third_Party/CANopenNode/303/CO_LEDs.c ****         else if (NMTstate == CO_NMT_OPERATIONAL)    gr_co = 1;
 536              		.loc 1 135 17 is_stmt 0 view .LVU186
 537 019a 7F2A     		cmp	r2, #127
 538 019c 06D0     		beq	.L51
 136:Middlewares/Third_Party/CANopenNode/303/CO_LEDs.c ****         else                                        gr_co = 0;
 539              		.loc 1 136 14 is_stmt 1 view .LVU187
 136:Middlewares/Third_Party/CANopenNode/303/CO_LEDs.c ****         else                                        gr_co = 0;
 540              		.loc 1 136 17 is_stmt 0 view .LVU188
 541 019e 052A     		cmp	r2, #5
 542 01a0 07D0     		beq	.L52
 137:Middlewares/Third_Party/CANopenNode/303/CO_LEDs.c **** 
 543              		.loc 1 137 59 view .LVU189
 544 01a2 0023     		movs	r3, #0
 545 01a4 E5E7     		b	.L37
 546              	.L50:
 134:Middlewares/Third_Party/CANopenNode/303/CO_LEDs.c ****         else if (NMTstate == CO_NMT_PRE_OPERATIONAL)gr_co = gr & CO_LED_blink;
 547              		.loc 1 134 53 is_stmt 1 discriminator 1 view .LVU190
 134:Middlewares/Third_Party/CANopenNode/303/CO_LEDs.c ****         else if (NMTstate == CO_NMT_PRE_OPERATIONAL)gr_co = gr & CO_LED_blink;
 548              		.loc 1 134 59 is_stmt 0 discriminator 1 view .LVU191
 549 01a6 01F00403 		and	r3, r1, #4
 550              	.LVL51:
 134:Middlewares/Third_Party/CANopenNode/303/CO_LEDs.c ****         else if (NMTstate == CO_NMT_PRE_OPERATIONAL)gr_co = gr & CO_LED_blink;
 551              		.loc 1 134 59 discriminator 1 view .LVU192
 552 01aa E2E7     		b	.L37
 553              	.LVL52:
 554              	.L51:
 135:Middlewares/Third_Party/CANopenNode/303/CO_LEDs.c ****         else if (NMTstate == CO_NMT_OPERATIONAL)    gr_co = 1;
 555              		.loc 1 135 53 is_stmt 1 discriminator 1 view .LVU193
 135:Middlewares/Third_Party/CANopenNode/303/CO_LEDs.c ****         else if (NMTstate == CO_NMT_OPERATIONAL)    gr_co = 1;
 556              		.loc 1 135 59 is_stmt 0 discriminator 1 view .LVU194
 557 01ac 01F00203 		and	r3, r1, #2
 558              	.LVL53:
 135:Middlewares/Third_Party/CANopenNode/303/CO_LEDs.c ****         else if (NMTstate == CO_NMT_OPERATIONAL)    gr_co = 1;
 559              		.loc 1 135 59 discriminator 1 view .LVU195
 560 01b0 DFE7     		b	.L37
 561              	.LVL54:
 562              	.L52:
 136:Middlewares/Third_Party/CANopenNode/303/CO_LEDs.c ****         else                                        gr_co = 0;
 563              		.loc 1 136 59 view .LVU196
 564 01b2 0123     		movs	r3, #1
 565 01b4 DDE7     		b	.L37
 566              	.LBE5:
 567              		.cfi_endproc
 568              	.LFE161:
 570 01b6 00BF     		.text
 571              	.Letext0:
 572              		.file 2 "c:\\program files (x86)\\gnu arm embedded toolchain\\10 2021.10\\arm-none-eabi\\include\\
 573              		.file 3 "c:\\program files (x86)\\gnu arm embedded toolchain\\10 2021.10\\arm-none-eabi\\include\\
 574              		.file 4 "c:\\program files (x86)\\gnu arm embedded toolchain\\10 2021.10\\arm-none-eabi\\include\\
 575              		.file 5 "Middlewares/Third_Party/CANopenNode_STM32/CO_driver_target.h"
 576              		.file 6 "Middlewares/Third_Party/CANopenNode/301/CO_driver.h"
 577              		.file 7 "Middlewares/Third_Party/CANopenNode/301/CO_NMT_Heartbeat.h"
ARM GAS  C:\Users\walker\AppData\Local\Temp\ccvF4x7b.s 			page 15


 578              		.file 8 "Middlewares/Third_Party/CANopenNode/303/CO_LEDs.h"
ARM GAS  C:\Users\walker\AppData\Local\Temp\ccvF4x7b.s 			page 16


DEFINED SYMBOLS
                            *ABS*:00000000 CO_LEDs.c
C:\Users\walker\AppData\Local\Temp\ccvF4x7b.s:20     .text.CO_LEDs_init:00000000 $t
C:\Users\walker\AppData\Local\Temp\ccvF4x7b.s:26     .text.CO_LEDs_init:00000000 CO_LEDs_init
C:\Users\walker\AppData\Local\Temp\ccvF4x7b.s:61     .text.CO_LEDs_process:00000000 $t
C:\Users\walker\AppData\Local\Temp\ccvF4x7b.s:67     .text.CO_LEDs_process:00000000 CO_LEDs_process
C:\Users\walker\AppData\Local\Temp\ccvF4x7b.s:155    .text.CO_LEDs_process:00000040 $d
C:\Users\walker\AppData\Local\Temp\ccvF4x7b.s:165    .text.CO_LEDs_process:0000004a $t
C:\Users\walker\AppData\Local\Temp\ccvF4x7b.s:202    .text.CO_LEDs_process:0000006c $d
C:\Users\walker\AppData\Local\Temp\ccvF4x7b.s:214    .text.CO_LEDs_process:00000078 $t
C:\Users\walker\AppData\Local\Temp\ccvF4x7b.s:358    .text.CO_LEDs_process:00000104 $d
C:\Users\walker\AppData\Local\Temp\ccvF4x7b.s:366    .text.CO_LEDs_process:00000124 $t

NO UNDEFINED SYMBOLS
