ARM GAS  C:\Users\walker\AppData\Local\Temp\ccSMujyK.s 			page 1


   1              		.cpu cortex-m4
   2              		.arch armv7e-m
   3              		.fpu fpv4-sp-d16
   4              		.eabi_attribute 27, 1
   5              		.eabi_attribute 28, 1
   6              		.eabi_attribute 20, 1
   7              		.eabi_attribute 21, 1
   8              		.eabi_attribute 23, 3
   9              		.eabi_attribute 24, 1
  10              		.eabi_attribute 25, 1
  11              		.eabi_attribute 26, 1
  12              		.eabi_attribute 30, 1
  13              		.eabi_attribute 34, 1
  14              		.eabi_attribute 18, 4
  15              		.file	"stm32f3xx_hal_timebase_tim.c"
  16              		.text
  17              	.Ltext0:
  18              		.cfi_sections	.debug_frame
  19              		.section	.text.TimeBase_TIM_PeriodElapsedCallback,"ax",%progbits
  20              		.align	1
  21              		.global	TimeBase_TIM_PeriodElapsedCallback
  22              		.syntax unified
  23              		.thumb
  24              		.thumb_func
  26              	TimeBase_TIM_PeriodElapsedCallback:
  27              	.LVL0:
  28              	.LFB126:
  29              		.file 1 "Core/Src/stm32f3xx_hal_timebase_tim.c"
   1:Core/Src/stm32f3xx_hal_timebase_tim.c **** /* USER CODE BEGIN Header */
   2:Core/Src/stm32f3xx_hal_timebase_tim.c **** /**
   3:Core/Src/stm32f3xx_hal_timebase_tim.c ****   ******************************************************************************
   4:Core/Src/stm32f3xx_hal_timebase_tim.c ****   * @file    stm32f3xx_hal_timebase_TIM.c
   5:Core/Src/stm32f3xx_hal_timebase_tim.c ****   * @brief   HAL time base based on the hardware TIM.
   6:Core/Src/stm32f3xx_hal_timebase_tim.c ****   ******************************************************************************
   7:Core/Src/stm32f3xx_hal_timebase_tim.c ****   * @attention
   8:Core/Src/stm32f3xx_hal_timebase_tim.c ****   *
   9:Core/Src/stm32f3xx_hal_timebase_tim.c ****   * Copyright (c) 2023 STMicroelectronics.
  10:Core/Src/stm32f3xx_hal_timebase_tim.c ****   * All rights reserved.
  11:Core/Src/stm32f3xx_hal_timebase_tim.c ****   *
  12:Core/Src/stm32f3xx_hal_timebase_tim.c ****   * This software is licensed under terms that can be found in the LICENSE file
  13:Core/Src/stm32f3xx_hal_timebase_tim.c ****   * in the root directory of this software component.
  14:Core/Src/stm32f3xx_hal_timebase_tim.c ****   * If no LICENSE file comes with this software, it is provided AS-IS.
  15:Core/Src/stm32f3xx_hal_timebase_tim.c ****   *
  16:Core/Src/stm32f3xx_hal_timebase_tim.c ****   ******************************************************************************
  17:Core/Src/stm32f3xx_hal_timebase_tim.c ****   */
  18:Core/Src/stm32f3xx_hal_timebase_tim.c **** /* USER CODE END Header */
  19:Core/Src/stm32f3xx_hal_timebase_tim.c **** 
  20:Core/Src/stm32f3xx_hal_timebase_tim.c **** /* Includes ------------------------------------------------------------------*/
  21:Core/Src/stm32f3xx_hal_timebase_tim.c **** #include "stm32f3xx_hal.h"
  22:Core/Src/stm32f3xx_hal_timebase_tim.c **** #include "stm32f3xx_hal_tim.h"
  23:Core/Src/stm32f3xx_hal_timebase_tim.c **** 
  24:Core/Src/stm32f3xx_hal_timebase_tim.c **** /* Private typedef -----------------------------------------------------------*/
  25:Core/Src/stm32f3xx_hal_timebase_tim.c **** /* Private define ------------------------------------------------------------*/
  26:Core/Src/stm32f3xx_hal_timebase_tim.c **** /* Private macro -------------------------------------------------------------*/
  27:Core/Src/stm32f3xx_hal_timebase_tim.c **** /* Private variables ---------------------------------------------------------*/
  28:Core/Src/stm32f3xx_hal_timebase_tim.c **** TIM_HandleTypeDef        htim1;
  29:Core/Src/stm32f3xx_hal_timebase_tim.c **** /* Private function prototypes -----------------------------------------------*/
ARM GAS  C:\Users\walker\AppData\Local\Temp\ccSMujyK.s 			page 2


  30:Core/Src/stm32f3xx_hal_timebase_tim.c ****  void TimeBase_TIM_PeriodElapsedCallback(TIM_HandleTypeDef *htim);
  31:Core/Src/stm32f3xx_hal_timebase_tim.c **** /* Private functions ---------------------------------------------------------*/
  32:Core/Src/stm32f3xx_hal_timebase_tim.c **** 
  33:Core/Src/stm32f3xx_hal_timebase_tim.c **** /**
  34:Core/Src/stm32f3xx_hal_timebase_tim.c ****   * @brief  This function configures the TIM1 as a time base source.
  35:Core/Src/stm32f3xx_hal_timebase_tim.c ****   *         The time source is configured  to have 1ms time base with a dedicated
  36:Core/Src/stm32f3xx_hal_timebase_tim.c ****   *         Tick interrupt priority.
  37:Core/Src/stm32f3xx_hal_timebase_tim.c ****   * @note   This function is called  automatically at the beginning of program after
  38:Core/Src/stm32f3xx_hal_timebase_tim.c ****   *         reset by HAL_Init() or at any time when clock is configured, by HAL_RCC_ClockConfig().
  39:Core/Src/stm32f3xx_hal_timebase_tim.c ****   * @param  TickPriority: Tick interrupt priority.
  40:Core/Src/stm32f3xx_hal_timebase_tim.c ****   * @retval HAL status
  41:Core/Src/stm32f3xx_hal_timebase_tim.c ****   */
  42:Core/Src/stm32f3xx_hal_timebase_tim.c **** HAL_StatusTypeDef HAL_InitTick(uint32_t TickPriority)
  43:Core/Src/stm32f3xx_hal_timebase_tim.c **** {
  44:Core/Src/stm32f3xx_hal_timebase_tim.c ****   RCC_ClkInitTypeDef    clkconfig;
  45:Core/Src/stm32f3xx_hal_timebase_tim.c ****   uint32_t              uwTimclock = 0U;
  46:Core/Src/stm32f3xx_hal_timebase_tim.c **** 
  47:Core/Src/stm32f3xx_hal_timebase_tim.c ****   uint32_t              uwPrescalerValue = 0U;
  48:Core/Src/stm32f3xx_hal_timebase_tim.c ****   uint32_t              pFLatency;
  49:Core/Src/stm32f3xx_hal_timebase_tim.c ****   HAL_StatusTypeDef     status;
  50:Core/Src/stm32f3xx_hal_timebase_tim.c **** 
  51:Core/Src/stm32f3xx_hal_timebase_tim.c ****   /* Enable TIM1 clock */
  52:Core/Src/stm32f3xx_hal_timebase_tim.c ****   __HAL_RCC_TIM1_CLK_ENABLE();
  53:Core/Src/stm32f3xx_hal_timebase_tim.c **** 
  54:Core/Src/stm32f3xx_hal_timebase_tim.c ****   /* Get clock configuration */
  55:Core/Src/stm32f3xx_hal_timebase_tim.c ****   HAL_RCC_GetClockConfig(&clkconfig, &pFLatency);
  56:Core/Src/stm32f3xx_hal_timebase_tim.c **** 
  57:Core/Src/stm32f3xx_hal_timebase_tim.c ****   /* Compute TIM1 clock */
  58:Core/Src/stm32f3xx_hal_timebase_tim.c ****   uwTimclock = HAL_RCC_GetPCLK2Freq();
  59:Core/Src/stm32f3xx_hal_timebase_tim.c **** 
  60:Core/Src/stm32f3xx_hal_timebase_tim.c ****   /* Compute the prescaler value to have TIM1 counter clock equal to 1MHz */
  61:Core/Src/stm32f3xx_hal_timebase_tim.c ****   uwPrescalerValue = (uint32_t) ((uwTimclock / 1000000U) - 1U);
  62:Core/Src/stm32f3xx_hal_timebase_tim.c **** 
  63:Core/Src/stm32f3xx_hal_timebase_tim.c ****   /* Initialize TIM1 */
  64:Core/Src/stm32f3xx_hal_timebase_tim.c ****   htim1.Instance = TIM1;
  65:Core/Src/stm32f3xx_hal_timebase_tim.c **** 
  66:Core/Src/stm32f3xx_hal_timebase_tim.c ****   /* Initialize TIMx peripheral as follow:
  67:Core/Src/stm32f3xx_hal_timebase_tim.c ****   + Period = [(TIM1CLK/1000) - 1]. to have a (1/1000) s time base.
  68:Core/Src/stm32f3xx_hal_timebase_tim.c ****   + Prescaler = (uwTimclock/1000000 - 1) to have a 1MHz counter clock.
  69:Core/Src/stm32f3xx_hal_timebase_tim.c ****   + ClockDivision = 0
  70:Core/Src/stm32f3xx_hal_timebase_tim.c ****   + Counter direction = Up
  71:Core/Src/stm32f3xx_hal_timebase_tim.c ****   */
  72:Core/Src/stm32f3xx_hal_timebase_tim.c ****   htim1.Init.Period = (1000000U / 1000U) - 1U;
  73:Core/Src/stm32f3xx_hal_timebase_tim.c ****   htim1.Init.Prescaler = uwPrescalerValue;
  74:Core/Src/stm32f3xx_hal_timebase_tim.c ****   htim1.Init.ClockDivision = 0;
  75:Core/Src/stm32f3xx_hal_timebase_tim.c ****   htim1.Init.CounterMode = TIM_COUNTERMODE_UP;
  76:Core/Src/stm32f3xx_hal_timebase_tim.c ****   htim1.Init.AutoReloadPreload = TIM_AUTORELOAD_PRELOAD_DISABLE;
  77:Core/Src/stm32f3xx_hal_timebase_tim.c **** 
  78:Core/Src/stm32f3xx_hal_timebase_tim.c ****   status = HAL_TIM_Base_Init(&htim1);
  79:Core/Src/stm32f3xx_hal_timebase_tim.c ****   if (status == HAL_OK)
  80:Core/Src/stm32f3xx_hal_timebase_tim.c ****   {
  81:Core/Src/stm32f3xx_hal_timebase_tim.c ****     /* Start the TIM time Base generation in interrupt mode */
  82:Core/Src/stm32f3xx_hal_timebase_tim.c ****     status = HAL_TIM_Base_Start_IT(&htim1);
  83:Core/Src/stm32f3xx_hal_timebase_tim.c ****     if (status == HAL_OK)
  84:Core/Src/stm32f3xx_hal_timebase_tim.c ****     {
  85:Core/Src/stm32f3xx_hal_timebase_tim.c ****     /* Enable the TIM1 global Interrupt */
  86:Core/Src/stm32f3xx_hal_timebase_tim.c ****         HAL_NVIC_EnableIRQ(TIM1_UP_TIM16_IRQn);
ARM GAS  C:\Users\walker\AppData\Local\Temp\ccSMujyK.s 			page 3


  87:Core/Src/stm32f3xx_hal_timebase_tim.c ****       /* Configure the SysTick IRQ priority */
  88:Core/Src/stm32f3xx_hal_timebase_tim.c ****       if (TickPriority < (1UL << __NVIC_PRIO_BITS))
  89:Core/Src/stm32f3xx_hal_timebase_tim.c ****       {
  90:Core/Src/stm32f3xx_hal_timebase_tim.c ****         /* Configure the TIM IRQ priority */
  91:Core/Src/stm32f3xx_hal_timebase_tim.c ****         HAL_NVIC_SetPriority(TIM1_UP_TIM16_IRQn, TickPriority, 0U);
  92:Core/Src/stm32f3xx_hal_timebase_tim.c ****         uwTickPrio = TickPriority;
  93:Core/Src/stm32f3xx_hal_timebase_tim.c ****       }
  94:Core/Src/stm32f3xx_hal_timebase_tim.c ****       else
  95:Core/Src/stm32f3xx_hal_timebase_tim.c ****       {
  96:Core/Src/stm32f3xx_hal_timebase_tim.c ****         status = HAL_ERROR;
  97:Core/Src/stm32f3xx_hal_timebase_tim.c ****       }
  98:Core/Src/stm32f3xx_hal_timebase_tim.c ****     }
  99:Core/Src/stm32f3xx_hal_timebase_tim.c ****   }
 100:Core/Src/stm32f3xx_hal_timebase_tim.c ****   HAL_TIM_RegisterCallback(&htim1, HAL_TIM_PERIOD_ELAPSED_CB_ID, TimeBase_TIM_PeriodElapsedCallback
 101:Core/Src/stm32f3xx_hal_timebase_tim.c **** 
 102:Core/Src/stm32f3xx_hal_timebase_tim.c ****  /* Return function status */
 103:Core/Src/stm32f3xx_hal_timebase_tim.c ****   return status;
 104:Core/Src/stm32f3xx_hal_timebase_tim.c **** }
 105:Core/Src/stm32f3xx_hal_timebase_tim.c **** 
 106:Core/Src/stm32f3xx_hal_timebase_tim.c **** /**
 107:Core/Src/stm32f3xx_hal_timebase_tim.c ****   * @brief  Suspend Tick increment.
 108:Core/Src/stm32f3xx_hal_timebase_tim.c ****   * @note   Disable the tick increment by disabling TIM1 update interrupt.
 109:Core/Src/stm32f3xx_hal_timebase_tim.c ****   * @param  None
 110:Core/Src/stm32f3xx_hal_timebase_tim.c ****   * @retval None
 111:Core/Src/stm32f3xx_hal_timebase_tim.c ****   */
 112:Core/Src/stm32f3xx_hal_timebase_tim.c **** void HAL_SuspendTick(void)
 113:Core/Src/stm32f3xx_hal_timebase_tim.c **** {
 114:Core/Src/stm32f3xx_hal_timebase_tim.c ****   /* Disable TIM1 update Interrupt */
 115:Core/Src/stm32f3xx_hal_timebase_tim.c ****   __HAL_TIM_DISABLE_IT(&htim1, TIM_IT_UPDATE);
 116:Core/Src/stm32f3xx_hal_timebase_tim.c **** }
 117:Core/Src/stm32f3xx_hal_timebase_tim.c **** 
 118:Core/Src/stm32f3xx_hal_timebase_tim.c **** /**
 119:Core/Src/stm32f3xx_hal_timebase_tim.c ****   * @brief  Resume Tick increment.
 120:Core/Src/stm32f3xx_hal_timebase_tim.c ****   * @note   Enable the tick increment by Enabling TIM1 update interrupt.
 121:Core/Src/stm32f3xx_hal_timebase_tim.c ****   * @param  None
 122:Core/Src/stm32f3xx_hal_timebase_tim.c ****   * @retval None
 123:Core/Src/stm32f3xx_hal_timebase_tim.c ****   */
 124:Core/Src/stm32f3xx_hal_timebase_tim.c **** void HAL_ResumeTick(void)
 125:Core/Src/stm32f3xx_hal_timebase_tim.c **** {
 126:Core/Src/stm32f3xx_hal_timebase_tim.c ****   /* Enable TIM1 Update interrupt */
 127:Core/Src/stm32f3xx_hal_timebase_tim.c ****   __HAL_TIM_ENABLE_IT(&htim1, TIM_IT_UPDATE);
 128:Core/Src/stm32f3xx_hal_timebase_tim.c **** }
 129:Core/Src/stm32f3xx_hal_timebase_tim.c ****  /**
 130:Core/Src/stm32f3xx_hal_timebase_tim.c ****   * @brief  Period elapsed callback in non blocking mode
 131:Core/Src/stm32f3xx_hal_timebase_tim.c ****   * @note   This function is called  when TIM6 interrupt took place, inside
 132:Core/Src/stm32f3xx_hal_timebase_tim.c ****   * HAL_TIM_IRQHandler(). It makes a direct call to HAL_IncTick() to increment
 133:Core/Src/stm32f3xx_hal_timebase_tim.c ****   * a global variable "uwTick" used as application time base.
 134:Core/Src/stm32f3xx_hal_timebase_tim.c ****   * @param  htim TIM handle
 135:Core/Src/stm32f3xx_hal_timebase_tim.c ****   * @retval None
 136:Core/Src/stm32f3xx_hal_timebase_tim.c ****   */
 137:Core/Src/stm32f3xx_hal_timebase_tim.c **** 
 138:Core/Src/stm32f3xx_hal_timebase_tim.c **** void TimeBase_TIM_PeriodElapsedCallback(TIM_HandleTypeDef *htim)
 139:Core/Src/stm32f3xx_hal_timebase_tim.c **** {
  30              		.loc 1 139 1 view -0
  31              		.cfi_startproc
  32              		@ args = 0, pretend = 0, frame = 0
  33              		@ frame_needed = 0, uses_anonymous_args = 0
ARM GAS  C:\Users\walker\AppData\Local\Temp\ccSMujyK.s 			page 4


  34              		.loc 1 139 1 is_stmt 0 view .LVU1
  35 0000 08B5     		push	{r3, lr}
  36              	.LCFI0:
  37              		.cfi_def_cfa_offset 8
  38              		.cfi_offset 3, -8
  39              		.cfi_offset 14, -4
 140:Core/Src/stm32f3xx_hal_timebase_tim.c ****   /* Prevent unused argument(s) compilation warning */
 141:Core/Src/stm32f3xx_hal_timebase_tim.c ****   UNUSED(htim);
  40              		.loc 1 141 3 is_stmt 1 view .LVU2
 142:Core/Src/stm32f3xx_hal_timebase_tim.c **** 
 143:Core/Src/stm32f3xx_hal_timebase_tim.c ****   HAL_IncTick();
  41              		.loc 1 143 3 view .LVU3
  42 0002 FFF7FEFF 		bl	HAL_IncTick
  43              	.LVL1:
 144:Core/Src/stm32f3xx_hal_timebase_tim.c **** }
  44              		.loc 1 144 1 is_stmt 0 view .LVU4
  45 0006 08BD     		pop	{r3, pc}
  46              		.cfi_endproc
  47              	.LFE126:
  49              		.section	.text.HAL_InitTick,"ax",%progbits
  50              		.align	1
  51              		.global	HAL_InitTick
  52              		.syntax unified
  53              		.thumb
  54              		.thumb_func
  56              	HAL_InitTick:
  57              	.LVL2:
  58              	.LFB123:
  43:Core/Src/stm32f3xx_hal_timebase_tim.c ****   RCC_ClkInitTypeDef    clkconfig;
  59              		.loc 1 43 1 is_stmt 1 view -0
  60              		.cfi_startproc
  61              		@ args = 0, pretend = 0, frame = 32
  62              		@ frame_needed = 0, uses_anonymous_args = 0
  43:Core/Src/stm32f3xx_hal_timebase_tim.c ****   RCC_ClkInitTypeDef    clkconfig;
  63              		.loc 1 43 1 is_stmt 0 view .LVU6
  64 0000 30B5     		push	{r4, r5, lr}
  65              	.LCFI1:
  66              		.cfi_def_cfa_offset 12
  67              		.cfi_offset 4, -12
  68              		.cfi_offset 5, -8
  69              		.cfi_offset 14, -4
  70 0002 89B0     		sub	sp, sp, #36
  71              	.LCFI2:
  72              		.cfi_def_cfa_offset 48
  73 0004 0446     		mov	r4, r0
  44:Core/Src/stm32f3xx_hal_timebase_tim.c ****   uint32_t              uwTimclock = 0U;
  74              		.loc 1 44 3 is_stmt 1 view .LVU7
  45:Core/Src/stm32f3xx_hal_timebase_tim.c **** 
  75              		.loc 1 45 3 view .LVU8
  76              	.LVL3:
  47:Core/Src/stm32f3xx_hal_timebase_tim.c ****   uint32_t              pFLatency;
  77              		.loc 1 47 3 view .LVU9
  48:Core/Src/stm32f3xx_hal_timebase_tim.c ****   HAL_StatusTypeDef     status;
  78              		.loc 1 48 3 view .LVU10
  49:Core/Src/stm32f3xx_hal_timebase_tim.c **** 
  79              		.loc 1 49 3 view .LVU11
  52:Core/Src/stm32f3xx_hal_timebase_tim.c **** 
ARM GAS  C:\Users\walker\AppData\Local\Temp\ccSMujyK.s 			page 5


  80              		.loc 1 52 3 view .LVU12
  81              	.LBB2:
  52:Core/Src/stm32f3xx_hal_timebase_tim.c **** 
  82              		.loc 1 52 3 view .LVU13
  52:Core/Src/stm32f3xx_hal_timebase_tim.c **** 
  83              		.loc 1 52 3 view .LVU14
  84 0006 214B     		ldr	r3, .L9
  85 0008 9A69     		ldr	r2, [r3, #24]
  86 000a 42F40062 		orr	r2, r2, #2048
  87 000e 9A61     		str	r2, [r3, #24]
  52:Core/Src/stm32f3xx_hal_timebase_tim.c **** 
  88              		.loc 1 52 3 view .LVU15
  89 0010 9B69     		ldr	r3, [r3, #24]
  90 0012 03F40063 		and	r3, r3, #2048
  91 0016 0193     		str	r3, [sp, #4]
  52:Core/Src/stm32f3xx_hal_timebase_tim.c **** 
  92              		.loc 1 52 3 view .LVU16
  93 0018 019B     		ldr	r3, [sp, #4]
  94              	.LBE2:
  52:Core/Src/stm32f3xx_hal_timebase_tim.c **** 
  95              		.loc 1 52 3 view .LVU17
  55:Core/Src/stm32f3xx_hal_timebase_tim.c **** 
  96              		.loc 1 55 3 view .LVU18
  97 001a 02A9     		add	r1, sp, #8
  98 001c 03A8     		add	r0, sp, #12
  99              	.LVL4:
  55:Core/Src/stm32f3xx_hal_timebase_tim.c **** 
 100              		.loc 1 55 3 is_stmt 0 view .LVU19
 101 001e FFF7FEFF 		bl	HAL_RCC_GetClockConfig
 102              	.LVL5:
  58:Core/Src/stm32f3xx_hal_timebase_tim.c **** 
 103              		.loc 1 58 3 is_stmt 1 view .LVU20
  58:Core/Src/stm32f3xx_hal_timebase_tim.c **** 
 104              		.loc 1 58 16 is_stmt 0 view .LVU21
 105 0022 FFF7FEFF 		bl	HAL_RCC_GetPCLK2Freq
 106              	.LVL6:
 107 0026 0346     		mov	r3, r0
 108              	.LVL7:
  61:Core/Src/stm32f3xx_hal_timebase_tim.c **** 
 109              		.loc 1 61 3 is_stmt 1 view .LVU22
  61:Core/Src/stm32f3xx_hal_timebase_tim.c **** 
 110              		.loc 1 61 46 is_stmt 0 view .LVU23
 111 0028 1948     		ldr	r0, .L9+4
 112              	.LVL8:
  61:Core/Src/stm32f3xx_hal_timebase_tim.c **** 
 113              		.loc 1 61 46 view .LVU24
 114 002a A0FB0323 		umull	r2, r3, r0, r3
 115              	.LVL9:
  61:Core/Src/stm32f3xx_hal_timebase_tim.c **** 
 116              		.loc 1 61 46 view .LVU25
 117 002e 9B0C     		lsrs	r3, r3, #18
  61:Core/Src/stm32f3xx_hal_timebase_tim.c **** 
 118              		.loc 1 61 20 view .LVU26
 119 0030 013B     		subs	r3, r3, #1
 120              	.LVL10:
  64:Core/Src/stm32f3xx_hal_timebase_tim.c **** 
 121              		.loc 1 64 3 is_stmt 1 view .LVU27
ARM GAS  C:\Users\walker\AppData\Local\Temp\ccSMujyK.s 			page 6


  64:Core/Src/stm32f3xx_hal_timebase_tim.c **** 
 122              		.loc 1 64 18 is_stmt 0 view .LVU28
 123 0032 1848     		ldr	r0, .L9+8
 124 0034 184A     		ldr	r2, .L9+12
 125 0036 0260     		str	r2, [r0]
  72:Core/Src/stm32f3xx_hal_timebase_tim.c ****   htim1.Init.Prescaler = uwPrescalerValue;
 126              		.loc 1 72 3 is_stmt 1 view .LVU29
  72:Core/Src/stm32f3xx_hal_timebase_tim.c ****   htim1.Init.Prescaler = uwPrescalerValue;
 127              		.loc 1 72 21 is_stmt 0 view .LVU30
 128 0038 40F2E732 		movw	r2, #999
 129 003c C260     		str	r2, [r0, #12]
  73:Core/Src/stm32f3xx_hal_timebase_tim.c ****   htim1.Init.ClockDivision = 0;
 130              		.loc 1 73 3 is_stmt 1 view .LVU31
  73:Core/Src/stm32f3xx_hal_timebase_tim.c ****   htim1.Init.ClockDivision = 0;
 131              		.loc 1 73 24 is_stmt 0 view .LVU32
 132 003e 4360     		str	r3, [r0, #4]
  74:Core/Src/stm32f3xx_hal_timebase_tim.c ****   htim1.Init.CounterMode = TIM_COUNTERMODE_UP;
 133              		.loc 1 74 3 is_stmt 1 view .LVU33
  74:Core/Src/stm32f3xx_hal_timebase_tim.c ****   htim1.Init.CounterMode = TIM_COUNTERMODE_UP;
 134              		.loc 1 74 28 is_stmt 0 view .LVU34
 135 0040 0023     		movs	r3, #0
 136              	.LVL11:
  74:Core/Src/stm32f3xx_hal_timebase_tim.c ****   htim1.Init.CounterMode = TIM_COUNTERMODE_UP;
 137              		.loc 1 74 28 view .LVU35
 138 0042 0361     		str	r3, [r0, #16]
  75:Core/Src/stm32f3xx_hal_timebase_tim.c ****   htim1.Init.AutoReloadPreload = TIM_AUTORELOAD_PRELOAD_DISABLE;
 139              		.loc 1 75 3 is_stmt 1 view .LVU36
  75:Core/Src/stm32f3xx_hal_timebase_tim.c ****   htim1.Init.AutoReloadPreload = TIM_AUTORELOAD_PRELOAD_DISABLE;
 140              		.loc 1 75 26 is_stmt 0 view .LVU37
 141 0044 8360     		str	r3, [r0, #8]
  76:Core/Src/stm32f3xx_hal_timebase_tim.c **** 
 142              		.loc 1 76 3 is_stmt 1 view .LVU38
  76:Core/Src/stm32f3xx_hal_timebase_tim.c **** 
 143              		.loc 1 76 32 is_stmt 0 view .LVU39
 144 0046 8361     		str	r3, [r0, #24]
  78:Core/Src/stm32f3xx_hal_timebase_tim.c ****   if (status == HAL_OK)
 145              		.loc 1 78 3 is_stmt 1 view .LVU40
  78:Core/Src/stm32f3xx_hal_timebase_tim.c ****   if (status == HAL_OK)
 146              		.loc 1 78 12 is_stmt 0 view .LVU41
 147 0048 FFF7FEFF 		bl	HAL_TIM_Base_Init
 148              	.LVL12:
  79:Core/Src/stm32f3xx_hal_timebase_tim.c ****   {
 149              		.loc 1 79 3 is_stmt 1 view .LVU42
  79:Core/Src/stm32f3xx_hal_timebase_tim.c ****   {
 150              		.loc 1 79 6 is_stmt 0 view .LVU43
 151 004c 0546     		mov	r5, r0
 152 004e 38B1     		cbz	r0, .L7
 153              	.LVL13:
 154              	.L4:
 100:Core/Src/stm32f3xx_hal_timebase_tim.c **** 
 155              		.loc 1 100 3 is_stmt 1 view .LVU44
 156 0050 124A     		ldr	r2, .L9+16
 157 0052 0E21     		movs	r1, #14
 158 0054 0F48     		ldr	r0, .L9+8
 159 0056 FFF7FEFF 		bl	HAL_TIM_RegisterCallback
 160              	.LVL14:
 103:Core/Src/stm32f3xx_hal_timebase_tim.c **** }
ARM GAS  C:\Users\walker\AppData\Local\Temp\ccSMujyK.s 			page 7


 161              		.loc 1 103 3 view .LVU45
 104:Core/Src/stm32f3xx_hal_timebase_tim.c **** 
 162              		.loc 1 104 1 is_stmt 0 view .LVU46
 163 005a 2846     		mov	r0, r5
 164 005c 09B0     		add	sp, sp, #36
 165              	.LCFI3:
 166              		.cfi_remember_state
 167              		.cfi_def_cfa_offset 12
 168              		@ sp needed
 169 005e 30BD     		pop	{r4, r5, pc}
 170              	.LVL15:
 171              	.L7:
 172              	.LCFI4:
 173              		.cfi_restore_state
  82:Core/Src/stm32f3xx_hal_timebase_tim.c ****     if (status == HAL_OK)
 174              		.loc 1 82 5 is_stmt 1 view .LVU47
  82:Core/Src/stm32f3xx_hal_timebase_tim.c ****     if (status == HAL_OK)
 175              		.loc 1 82 14 is_stmt 0 view .LVU48
 176 0060 0C48     		ldr	r0, .L9+8
 177              	.LVL16:
  82:Core/Src/stm32f3xx_hal_timebase_tim.c ****     if (status == HAL_OK)
 178              		.loc 1 82 14 view .LVU49
 179 0062 FFF7FEFF 		bl	HAL_TIM_Base_Start_IT
 180              	.LVL17:
  83:Core/Src/stm32f3xx_hal_timebase_tim.c ****     {
 181              		.loc 1 83 5 is_stmt 1 view .LVU50
  83:Core/Src/stm32f3xx_hal_timebase_tim.c ****     {
 182              		.loc 1 83 8 is_stmt 0 view .LVU51
 183 0066 0546     		mov	r5, r0
 184 0068 0028     		cmp	r0, #0
 185 006a F1D1     		bne	.L4
  86:Core/Src/stm32f3xx_hal_timebase_tim.c ****       /* Configure the SysTick IRQ priority */
 186              		.loc 1 86 9 is_stmt 1 view .LVU52
 187 006c 1920     		movs	r0, #25
 188              	.LVL18:
  86:Core/Src/stm32f3xx_hal_timebase_tim.c ****       /* Configure the SysTick IRQ priority */
 189              		.loc 1 86 9 is_stmt 0 view .LVU53
 190 006e FFF7FEFF 		bl	HAL_NVIC_EnableIRQ
 191              	.LVL19:
  88:Core/Src/stm32f3xx_hal_timebase_tim.c ****       {
 192              		.loc 1 88 7 is_stmt 1 view .LVU54
  88:Core/Src/stm32f3xx_hal_timebase_tim.c ****       {
 193              		.loc 1 88 10 is_stmt 0 view .LVU55
 194 0072 0F2C     		cmp	r4, #15
 195 0074 01D9     		bls	.L8
  96:Core/Src/stm32f3xx_hal_timebase_tim.c ****       }
 196              		.loc 1 96 16 view .LVU56
 197 0076 0125     		movs	r5, #1
 198 0078 EAE7     		b	.L4
 199              	.L8:
  91:Core/Src/stm32f3xx_hal_timebase_tim.c ****         uwTickPrio = TickPriority;
 200              		.loc 1 91 9 is_stmt 1 view .LVU57
 201 007a 0022     		movs	r2, #0
 202 007c 2146     		mov	r1, r4
 203 007e 1920     		movs	r0, #25
 204 0080 FFF7FEFF 		bl	HAL_NVIC_SetPriority
 205              	.LVL20:
ARM GAS  C:\Users\walker\AppData\Local\Temp\ccSMujyK.s 			page 8


  92:Core/Src/stm32f3xx_hal_timebase_tim.c ****       }
 206              		.loc 1 92 9 view .LVU58
  92:Core/Src/stm32f3xx_hal_timebase_tim.c ****       }
 207              		.loc 1 92 20 is_stmt 0 view .LVU59
 208 0084 064B     		ldr	r3, .L9+20
 209 0086 1C60     		str	r4, [r3]
 210 0088 E2E7     		b	.L4
 211              	.L10:
 212 008a 00BF     		.align	2
 213              	.L9:
 214 008c 00100240 		.word	1073876992
 215 0090 83DE1B43 		.word	1125899907
 216 0094 00000000 		.word	.LANCHOR0
 217 0098 002C0140 		.word	1073818624
 218 009c 00000000 		.word	TimeBase_TIM_PeriodElapsedCallback
 219 00a0 00000000 		.word	uwTickPrio
 220              		.cfi_endproc
 221              	.LFE123:
 223              		.section	.text.HAL_SuspendTick,"ax",%progbits
 224              		.align	1
 225              		.global	HAL_SuspendTick
 226              		.syntax unified
 227              		.thumb
 228              		.thumb_func
 230              	HAL_SuspendTick:
 231              	.LFB124:
 113:Core/Src/stm32f3xx_hal_timebase_tim.c ****   /* Disable TIM1 update Interrupt */
 232              		.loc 1 113 1 is_stmt 1 view -0
 233              		.cfi_startproc
 234              		@ args = 0, pretend = 0, frame = 0
 235              		@ frame_needed = 0, uses_anonymous_args = 0
 236              		@ link register save eliminated.
 115:Core/Src/stm32f3xx_hal_timebase_tim.c **** }
 237              		.loc 1 115 3 view .LVU61
 238 0000 034B     		ldr	r3, .L12
 239 0002 1A68     		ldr	r2, [r3]
 240 0004 D368     		ldr	r3, [r2, #12]
 241 0006 23F00103 		bic	r3, r3, #1
 242 000a D360     		str	r3, [r2, #12]
 116:Core/Src/stm32f3xx_hal_timebase_tim.c **** 
 243              		.loc 1 116 1 is_stmt 0 view .LVU62
 244 000c 7047     		bx	lr
 245              	.L13:
 246 000e 00BF     		.align	2
 247              	.L12:
 248 0010 00000000 		.word	.LANCHOR0
 249              		.cfi_endproc
 250              	.LFE124:
 252              		.section	.text.HAL_ResumeTick,"ax",%progbits
 253              		.align	1
 254              		.global	HAL_ResumeTick
 255              		.syntax unified
 256              		.thumb
 257              		.thumb_func
 259              	HAL_ResumeTick:
 260              	.LFB125:
 125:Core/Src/stm32f3xx_hal_timebase_tim.c ****   /* Enable TIM1 Update interrupt */
ARM GAS  C:\Users\walker\AppData\Local\Temp\ccSMujyK.s 			page 9


 261              		.loc 1 125 1 is_stmt 1 view -0
 262              		.cfi_startproc
 263              		@ args = 0, pretend = 0, frame = 0
 264              		@ frame_needed = 0, uses_anonymous_args = 0
 265              		@ link register save eliminated.
 127:Core/Src/stm32f3xx_hal_timebase_tim.c **** }
 266              		.loc 1 127 3 view .LVU64
 267 0000 034B     		ldr	r3, .L15
 268 0002 1A68     		ldr	r2, [r3]
 269 0004 D368     		ldr	r3, [r2, #12]
 270 0006 43F00103 		orr	r3, r3, #1
 271 000a D360     		str	r3, [r2, #12]
 128:Core/Src/stm32f3xx_hal_timebase_tim.c ****  /**
 272              		.loc 1 128 1 is_stmt 0 view .LVU65
 273 000c 7047     		bx	lr
 274              	.L16:
 275 000e 00BF     		.align	2
 276              	.L15:
 277 0010 00000000 		.word	.LANCHOR0
 278              		.cfi_endproc
 279              	.LFE125:
 281              		.global	htim1
 282              		.section	.bss.htim1,"aw",%nobits
 283              		.align	2
 284              		.set	.LANCHOR0,. + 0
 287              	htim1:
 288 0000 00000000 		.space	188
 288      00000000 
 288      00000000 
 288      00000000 
 288      00000000 
 289              		.text
 290              	.Letext0:
 291              		.file 2 "c:\\program files (x86)\\gnu arm embedded toolchain\\10 2021.10\\arm-none-eabi\\include\\
 292              		.file 3 "c:\\program files (x86)\\gnu arm embedded toolchain\\10 2021.10\\arm-none-eabi\\include\\
 293              		.file 4 "Drivers/CMSIS/Device/ST/STM32F3xx/Include/stm32f303x8.h"
 294              		.file 5 "Drivers/STM32F3xx_HAL_Driver/Inc/stm32f3xx_hal_def.h"
 295              		.file 6 "Drivers/STM32F3xx_HAL_Driver/Inc/stm32f3xx_hal_rcc.h"
 296              		.file 7 "Drivers/STM32F3xx_HAL_Driver/Inc/stm32f3xx_hal_dma.h"
 297              		.file 8 "Drivers/STM32F3xx_HAL_Driver/Inc/stm32f3xx_hal_tim.h"
 298              		.file 9 "Drivers/STM32F3xx_HAL_Driver/Inc/stm32f3xx_hal.h"
 299              		.file 10 "Drivers/STM32F3xx_HAL_Driver/Inc/stm32f3xx_hal_cortex.h"
ARM GAS  C:\Users\walker\AppData\Local\Temp\ccSMujyK.s 			page 10


DEFINED SYMBOLS
                            *ABS*:00000000 stm32f3xx_hal_timebase_tim.c
C:\Users\walker\AppData\Local\Temp\ccSMujyK.s:20     .text.TimeBase_TIM_PeriodElapsedCallback:00000000 $t
C:\Users\walker\AppData\Local\Temp\ccSMujyK.s:26     .text.TimeBase_TIM_PeriodElapsedCallback:00000000 TimeBase_TIM_PeriodElapsedCallback
C:\Users\walker\AppData\Local\Temp\ccSMujyK.s:50     .text.HAL_InitTick:00000000 $t
C:\Users\walker\AppData\Local\Temp\ccSMujyK.s:56     .text.HAL_InitTick:00000000 HAL_InitTick
C:\Users\walker\AppData\Local\Temp\ccSMujyK.s:214    .text.HAL_InitTick:0000008c $d
C:\Users\walker\AppData\Local\Temp\ccSMujyK.s:224    .text.HAL_SuspendTick:00000000 $t
C:\Users\walker\AppData\Local\Temp\ccSMujyK.s:230    .text.HAL_SuspendTick:00000000 HAL_SuspendTick
C:\Users\walker\AppData\Local\Temp\ccSMujyK.s:248    .text.HAL_SuspendTick:00000010 $d
C:\Users\walker\AppData\Local\Temp\ccSMujyK.s:253    .text.HAL_ResumeTick:00000000 $t
C:\Users\walker\AppData\Local\Temp\ccSMujyK.s:259    .text.HAL_ResumeTick:00000000 HAL_ResumeTick
C:\Users\walker\AppData\Local\Temp\ccSMujyK.s:277    .text.HAL_ResumeTick:00000010 $d
C:\Users\walker\AppData\Local\Temp\ccSMujyK.s:287    .bss.htim1:00000000 htim1
C:\Users\walker\AppData\Local\Temp\ccSMujyK.s:283    .bss.htim1:00000000 $d

UNDEFINED SYMBOLS
HAL_IncTick
HAL_RCC_GetClockConfig
HAL_RCC_GetPCLK2Freq
HAL_TIM_Base_Init
HAL_TIM_RegisterCallback
HAL_TIM_Base_Start_IT
HAL_NVIC_EnableIRQ
HAL_NVIC_SetPriority
uwTickPrio
